2018-08-27 15:26:36 [scrapy.utils.log] INFO: Scrapy 1.5.1 started (bot: bwscraper)
2018-08-27 15:26:36 [scrapy.utils.log] INFO: Versions: lxml 4.2.4.0, libxml2 2.9.8, cssselect 1.0.3, parsel 1.5.0, w3lib 1.19.0, Twisted 18.7.0, Python 3.6.5 (default, Apr 10 2018, 17:08:37) - [GCC 4.8.5 20150623 (Red Hat 4.8.5-16)], pyOpenSSL 18.0.0 (OpenSSL 1.1.0i  14 Aug 2018), cryptography 2.3.1, Platform Linux-3.10.0-693.el7.x86_64-x86_64-with-centos-7.5.1804-Core
2018-08-27 15:26:36 [scrapy.crawler] INFO: Overridden settings: {'BOT_NAME': 'bwscraper', 'FEED_URI': './scraped/%(name)s/%(hashtag)s/%(date)s', 'NEWSPIDER_MODULE': 'bwscraper.spiders', 'SPIDER_MODULES': ['bwscraper.spiders']}
2018-08-27 15:26:36 [scrapy.middleware] INFO: Enabled extensions:
['scrapy.extensions.corestats.CoreStats',
 'scrapy.extensions.telnet.TelnetConsole',
 'scrapy.extensions.memusage.MemoryUsage',
 'scrapy.extensions.feedexport.FeedExporter',
 'scrapy.extensions.logstats.LogStats']
2018-08-27 15:26:36 [scrapy.middleware] INFO: Enabled downloader middlewares:
['scrapy.downloadermiddlewares.httpauth.HttpAuthMiddleware',
 'scrapy.downloadermiddlewares.downloadtimeout.DownloadTimeoutMiddleware',
 'scrapy.downloadermiddlewares.defaultheaders.DefaultHeadersMiddleware',
 'scrapy.downloadermiddlewares.useragent.UserAgentMiddleware',
 'scrapy.downloadermiddlewares.retry.RetryMiddleware',
 'scrapy.downloadermiddlewares.redirect.MetaRefreshMiddleware',
 'scrapy.downloadermiddlewares.httpcompression.HttpCompressionMiddleware',
 'scrapy.downloadermiddlewares.redirect.RedirectMiddleware',
 'scrapy.downloadermiddlewares.cookies.CookiesMiddleware',
 'scrapy.downloadermiddlewares.httpproxy.HttpProxyMiddleware',
 'scrapy.downloadermiddlewares.stats.DownloaderStats']
2018-08-27 15:26:36 [scrapy.middleware] INFO: Enabled spider middlewares:
['scrapy.spidermiddlewares.httperror.HttpErrorMiddleware',
 'scrapy.spidermiddlewares.offsite.OffsiteMiddleware',
 'scrapy.spidermiddlewares.referer.RefererMiddleware',
 'scrapy.spidermiddlewares.urllength.UrlLengthMiddleware',
 'scrapy.spidermiddlewares.depth.DepthMiddleware']
2018-08-27 15:26:36 [scrapy.middleware] INFO: Enabled item pipelines:
[]
2018-08-27 15:26:36 [scrapy.core.engine] INFO: Spider opened
2018-08-27 15:26:36 [scrapy.extensions.logstats] INFO: Crawled 0 pages (at 0 pages/min), scraped 0 items (at 0 items/min)
2018-08-27 15:26:36 [scrapy.extensions.telnet] DEBUG: Telnet console listening on 127.0.0.1:6023
2018-08-27 15:26:37 [scrapy.core.engine] DEBUG: Crawled (200) <GET https://www.instagram.com/explore/tags/blackworkers/?__a=1> (referer: None)
2018-08-27 15:26:37 [scrapy.core.engine] INFO: Closing spider (finished)
2018-08-27 15:26:37 [scrapy.statscollectors] INFO: Dumping Scrapy stats:
{'downloader/request_bytes': 248,
 'downloader/request_count': 1,
 'downloader/request_method_count/GET': 1,
 'downloader/response_bytes': 34287,
 'downloader/response_count': 1,
 'downloader/response_status_count/200': 1,
 'finish_reason': 'finished',
 'finish_time': datetime.datetime(2018, 8, 27, 19, 26, 37, 749405),
 'log_count/DEBUG': 2,
 'log_count/INFO': 7,
 'memusage/max': 44838912,
 'memusage/startup': 44838912,
 'response_received_count': 1,
 'scheduler/dequeued': 1,
 'scheduler/dequeued/memory': 1,
 'scheduler/enqueued': 1,
 'scheduler/enqueued/memory': 1,
 'start_time': datetime.datetime(2018, 8, 27, 19, 26, 36, 322986)}
2018-08-27 15:26:37 [scrapy.core.engine] INFO: Spider closed (finished)
2018-08-27 15:26:48 [scrapy.utils.log] INFO: Scrapy 1.5.1 started (bot: bwscraper)
2018-08-27 15:26:48 [scrapy.utils.log] INFO: Versions: lxml 4.2.4.0, libxml2 2.9.8, cssselect 1.0.3, parsel 1.5.0, w3lib 1.19.0, Twisted 18.7.0, Python 3.6.5 (default, Apr 10 2018, 17:08:37) - [GCC 4.8.5 20150623 (Red Hat 4.8.5-16)], pyOpenSSL 18.0.0 (OpenSSL 1.1.0i  14 Aug 2018), cryptography 2.3.1, Platform Linux-3.10.0-693.el7.x86_64-x86_64-with-centos-7.5.1804-Core
2018-08-27 15:26:48 [scrapy.crawler] INFO: Overridden settings: {'BOT_NAME': 'bwscraper', 'FEED_URI': './scraped/%(name)s/%(hashtag)s/%(date)s', 'NEWSPIDER_MODULE': 'bwscraper.spiders', 'SPIDER_MODULES': ['bwscraper.spiders']}
2018-08-27 15:26:48 [scrapy.middleware] INFO: Enabled extensions:
['scrapy.extensions.corestats.CoreStats',
 'scrapy.extensions.telnet.TelnetConsole',
 'scrapy.extensions.memusage.MemoryUsage',
 'scrapy.extensions.feedexport.FeedExporter',
 'scrapy.extensions.logstats.LogStats']
2018-08-27 15:26:48 [scrapy.middleware] INFO: Enabled downloader middlewares:
['scrapy.downloadermiddlewares.httpauth.HttpAuthMiddleware',
 'scrapy.downloadermiddlewares.downloadtimeout.DownloadTimeoutMiddleware',
 'scrapy.downloadermiddlewares.defaultheaders.DefaultHeadersMiddleware',
 'scrapy.downloadermiddlewares.useragent.UserAgentMiddleware',
 'scrapy.downloadermiddlewares.retry.RetryMiddleware',
 'scrapy.downloadermiddlewares.redirect.MetaRefreshMiddleware',
 'scrapy.downloadermiddlewares.httpcompression.HttpCompressionMiddleware',
 'scrapy.downloadermiddlewares.redirect.RedirectMiddleware',
 'scrapy.downloadermiddlewares.cookies.CookiesMiddleware',
 'scrapy.downloadermiddlewares.httpproxy.HttpProxyMiddleware',
 'scrapy.downloadermiddlewares.stats.DownloaderStats']
2018-08-27 15:26:48 [scrapy.middleware] INFO: Enabled spider middlewares:
['scrapy.spidermiddlewares.httperror.HttpErrorMiddleware',
 'scrapy.spidermiddlewares.offsite.OffsiteMiddleware',
 'scrapy.spidermiddlewares.referer.RefererMiddleware',
 'scrapy.spidermiddlewares.urllength.UrlLengthMiddleware',
 'scrapy.spidermiddlewares.depth.DepthMiddleware']
2018-08-27 15:26:48 [scrapy.middleware] INFO: Enabled item pipelines:
[]
2018-08-27 15:26:48 [scrapy.core.engine] INFO: Spider opened
2018-08-27 15:26:48 [scrapy.extensions.logstats] INFO: Crawled 0 pages (at 0 pages/min), scraped 0 items (at 0 items/min)
2018-08-27 15:26:48 [scrapy.extensions.telnet] DEBUG: Telnet console listening on 127.0.0.1:6023
2018-08-27 15:26:49 [scrapy.core.engine] DEBUG: Crawled (200) <GET https://www.instagram.com/explore/tags/blackworkers/?__a=1> (referer: None)
2018-08-27 15:26:49 [scrapy.core.engine] DEBUG: Crawled (200) <GET https://www.instagram.com/p/Bm_mn3sH1m5/?__a=1> (referer: https://www.instagram.com/explore/tags/blackworkers/?__a=1)
2018-08-27 15:26:49 [scrapy.core.engine] DEBUG: Crawled (200) <GET https://www.instagram.com/p/Bm_mx_Pl2BJ/?__a=1> (referer: https://www.instagram.com/explore/tags/blackworkers/?__a=1)
2018-08-27 15:26:49 [scrapy.core.engine] DEBUG: Crawled (200) <GET https://www.instagram.com/p/Bm_m4CvhXTf/?__a=1> (referer: https://www.instagram.com/explore/tags/blackworkers/?__a=1)
2018-08-27 15:26:49 [scrapy.core.engine] DEBUG: Crawled (200) <GET https://www.instagram.com/p/Bm_m2SeBItI/?__a=1> (referer: https://www.instagram.com/explore/tags/blackworkers/?__a=1)
2018-08-27 15:26:49 [scrapy.core.engine] DEBUG: Crawled (200) <GET https://www.instagram.com/p/Bm_mx8_F-Vf/?__a=1> (referer: https://www.instagram.com/explore/tags/blackworkers/?__a=1)
2018-08-27 15:26:49 [scrapy.core.engine] DEBUG: Crawled (200) <GET https://www.instagram.com/p/Bm_m3KBhug-/?__a=1> (referer: https://www.instagram.com/explore/tags/blackworkers/?__a=1)
2018-08-27 15:26:49 [scrapy.core.scraper] DEBUG: Scraped from <200 https://www.instagram.com/p/Bm_mn3sH1m5/?__a=1>
{'caption': '#repost @juncha \n'
            '#amazing #insane #tatouage #tattoo #inked #blvck #blackworkers '
            '#ink #blxckink #backpiece #blackart #line #realistic #photography '
            '#details #tbt #tattooartist #inkstagram #btattooing #drawing '
            '#tattoolife #art #artist',
 'display_url': 'https://instagram.fphl1-1.fna.fbcdn.net/vp/e95dc2332e667050e740065d2c4db6d4/5C19A059/t51.2885-15/e35/39019249_275471653066830_4304830039855202304_n.jpg?_nc_eui2=AeG238Kvlsqd062ywLJWcz7PyUN7qc2DHRb90pVfJYrQEJKjDNlxVD6nNIA8z0apWOggDCs_JEWuXx5nPFHw6pf3',
 'id': '1855371437123000761',
 'likes': 12,
 'loc_id': None,
 'loc_lat': None,
 'loc_long': None,
 'loc_name': None,
 'owner_id': '5680988871',
 'owner_name': 'ink_fan_addictive',
 'scraped_timestamp': '2018-08-27 15:26:49:26S',
 'shortcode': 'Bm_mn3sH1m5',
 'taken_at_timestamp': 1535397532}
2018-08-27 15:26:50 [scrapy.core.engine] DEBUG: Crawled (200) <GET https://www.instagram.com/p/Bm_m42BhM4g/?__a=1> (referer: https://www.instagram.com/explore/tags/blackworkers/?__a=1)
2018-08-27 15:26:50 [scrapy.core.engine] DEBUG: Crawled (200) <GET https://www.instagram.com/p/Bm_m3K8jzVa/?__a=1> (referer: https://www.instagram.com/explore/tags/blackworkers/?__a=1)
2018-08-27 15:26:50 [scrapy.core.scraper] DEBUG: Scraped from <200 https://www.instagram.com/p/Bm_mx_Pl2BJ/?__a=1>
{'caption': 'Diseño disponible #blackwork #blackworkers #blacktattoo #tattoo '
            '#blacktattooartist #ink',
 'display_url': 'https://instagram.fphl1-1.fna.fbcdn.net/vp/082a44a1f64d18e66b853e50d55734b4/5C2F2F12/t51.2885-15/e35/37178239_523242114790562_2603978778245857280_n.jpg?_nc_eui2=AeFP-NqBq_wk-EPwD7oFsO_tz2PKDvUtqKfXCZbSTvQ8_61Hg0Yad69CQ1y1XvfjodgZwL8pL5RAHq3ktVeuFcqm',
 'id': '1855372132429029449',
 'likes': 3,
 'loc_id': None,
 'loc_lat': None,
 'loc_long': None,
 'loc_name': None,
 'owner_id': '8493330579',
 'owner_name': 'dtdtattoo',
 'scraped_timestamp': '2018-08-27 15:26:50:26S',
 'shortcode': 'Bm_mx_Pl2BJ',
 'taken_at_timestamp': 1535397615}
2018-08-27 15:26:50 [scrapy.core.scraper] DEBUG: Scraped from <200 https://www.instagram.com/p/Bm_m4CvhXTf/?__a=1>
{'caption': 'parts of part. \n'
            '#tattoo #tattooed #blackwork #tattooartist #tttism #blackworkers '
            '#iblackwork #moscowtattoo #pain #tattoodesign #itattoo '
            '#blackworkers #blackworktattoo #graphic #blacktattoo #blackartist',
 'display_url': 'https://instagram.fphl1-1.fna.fbcdn.net/vp/070fa6c9b925bae43ad53497028e7296/5C020524/t51.2885-15/e35/39628527_308527323243473_6050065532156116992_n.jpg?_nc_eui2=AeGBpNQeJo7qh_KCRQqeu-OuGPeNFGMW9IlFNWTMoK5X3PTzl5HwkzVhJRyqBmghhN67OSSZtzm3Z-aatbCkdWzg',
 'id': '1855372548502811871',
 'likes': 4,
 'loc_id': None,
 'loc_lat': None,
 'loc_long': None,
 'loc_name': None,
 'owner_id': '8498188499',
 'owner_name': 'sonay6691',
 'scraped_timestamp': '2018-08-27 15:26:50:26S',
 'shortcode': 'Bm_m4CvhXTf',
 'taken_at_timestamp': 1535397665}
2018-08-27 15:26:50 [scrapy.core.scraper] DEBUG: Scraped from <200 https://www.instagram.com/p/Bm_m2SeBItI/?__a=1>
{'caption': 'херня для интеллигенции (с)\n'
            '\n'
            '#tattoo #tattooed #blackwork #tattooartist #tttism #blackworkers '
            '#iblackwork #moscowtattoo #pain #tattoodesign #itattoo '
            '#blackworkers #blackworktattoo #graphic #blacktattoo #blackartist '
            '#fridakahlo',
 'display_url': 'https://instagram.fphl1-1.fna.fbcdn.net/vp/06d7c937c107acd5cfaa2ec93a24cbb2/5C1C5971/t51.2885-15/e35/39611881_1906204083015427_4420821386939858944_n.jpg?_nc_eui2=AeFOwqMVle98a02fCc-CoAIrkQUKxEjGNA3SXjzW6XKuaGQkkpYyYcQV9eD1JxSEqwKN6qdzmubBv3z85i1ga2Vd',
 'id': '1855372427950066504',
 'likes': 1,
 'loc_id': None,
 'loc_lat': None,
 'loc_long': None,
 'loc_name': None,
 'owner_id': '8498188499',
 'owner_name': 'sonay6691',
 'scraped_timestamp': '2018-08-27 15:26:50:26S',
 'shortcode': 'Bm_m2SeBItI',
 'taken_at_timestamp': 1535397650}
2018-08-27 15:26:50 [scrapy.core.scraper] DEBUG: Scraped from <200 https://www.instagram.com/p/Bm_mx8_F-Vf/?__a=1>
{'caption': '@denis_mati  __________________________________________\n'
            '#tattoo #linework #blackwork #dotwork #blackworkers '
            '#blackworkerssubmission #blackyardtattoo #blacktattooart '
            '#moreblackink #lovettt #tattrx #tttism #blackink #blxckink '
            '#darkartists #inkstinctsubmission #flashworkers #btattooing '
            '#onlyblackart #blacktattoomag #blackworkers_tattoo #tattoopins '
            '#wowtattoo #inkedblaq #TAOT #iblackwork #tattoodo #tatooinrussia '
            '#blackinkedart',
 'display_url': 'https://instagram.fphl1-1.fna.fbcdn.net/vp/b7ca3c344e5a243dd89e6efd7fb20460/5BFD9170/t51.2885-15/e35/39749570_2137876716430125_1820266290334400512_n.jpg?_nc_eui2=AeFzd_YdA_ECHHB42sHTS6HMxw0j70-Ft9MCJid6KW49jdYxCRU3jZsSNMZ92abwUldBZB3laJg2lx0hrrUyA-vT',
 'id': '1855372130004755807',
 'likes': 33,
 'loc_id': None,
 'loc_lat': None,
 'loc_long': None,
 'loc_name': None,
 'owner_id': '1771636830',
 'owner_name': 'blackyardtattoo',
 'scraped_timestamp': '2018-08-27 15:26:50:26S',
 'shortcode': 'Bm_mx8_F-Vf',
 'taken_at_timestamp': 1535397615}
2018-08-27 15:26:50 [scrapy.core.scraper] DEBUG: Scraped from <200 https://www.instagram.com/p/Bm_m3KBhug-/?__a=1>
{'caption': 'кусочки. \n'
            '#tattoo #tattooed #blackwork #tattooartist #tttism #blackworkers '
            '#iblackwork #moscowtattoo #pain #tattoodesign #itattoo '
            '#blackworkers #blackworktattoo #graphic #blacktattoo #blackartist',
 'display_url': 'https://instagram.fphl1-1.fna.fbcdn.net/vp/3351f1e455ad0e33048457d17003436a/5C17903D/t51.2885-15/e35/39373945_266126304224248_6897097022105452544_n.jpg?_nc_eui2=AeFmlRfeN8hPiJoxBPVs_jx-2_IDlG_SRIgcuO0Vos-p_SoUoykeKYTipp13l61LwBZkNzG5-7pRHGjFx3Q5gWrg',
 'id': '1855372487601612862',
 'likes': 3,
 'loc_id': None,
 'loc_lat': None,
 'loc_long': None,
 'loc_name': None,
 'owner_id': '8498188499',
 'owner_name': 'sonay6691',
 'scraped_timestamp': '2018-08-27 15:26:50:26S',
 'shortcode': 'Bm_m3KBhug-',
 'taken_at_timestamp': 1535397657}
2018-08-27 15:26:50 [scrapy.core.engine] DEBUG: Crawled (200) <GET https://www.instagram.com/p/Bm_m5v3hHqi/?__a=1> (referer: https://www.instagram.com/explore/tags/blackworkers/?__a=1)
2018-08-27 15:26:50 [scrapy.core.scraper] DEBUG: Scraped from <200 https://www.instagram.com/p/Bm_m42BhM4g/?__a=1>
{'caption': 'japan x2. \n'
            '#crystalink #tattoo #tattooed #blackwork #tattooartist #tttism '
            '#blackworkers #iblackwork #moscowtattoo #pain #tattoodesign '
            '#itattoo #blackworkers #blackworktattoo #graphic #blacktattoo '
            '#blackartist',
 'display_url': 'https://instagram.fphl1-1.fna.fbcdn.net/vp/a28d547607188d7f5378669edc819229/5C18D10C/t51.2885-15/e35/40070239_1819874844770920_1937193682591547392_n.jpg?_nc_eui2=AeHLchmg4esmXX80lTihIvTnlMwSLK9lAK3zmJJEt89iuybW0ZAvlKWaNMCAkMC_X2qSNZXYzzcsmW5yQWUGMcSb',
 'id': '1855372603565592096',
 'likes': 4,
 'loc_id': None,
 'loc_lat': None,
 'loc_long': None,
 'loc_name': None,
 'owner_id': '8498188499',
 'owner_name': 'sonay6691',
 'scraped_timestamp': '2018-08-27 15:26:50:26S',
 'shortcode': 'Bm_m42BhM4g',
 'taken_at_timestamp': 1535397671}
2018-08-27 15:26:50 [scrapy.core.engine] DEBUG: Crawled (200) <GET https://www.instagram.com/p/Bm_m6PUFQ7z/?__a=1> (referer: https://www.instagram.com/explore/tags/blackworkers/?__a=1)
2018-08-27 15:26:50 [scrapy.core.engine] DEBUG: Crawled (200) <GET https://www.instagram.com/p/Bm_nI9khnJw/?__a=1> (referer: https://www.instagram.com/explore/tags/blackworkers/?__a=1)
2018-08-27 15:26:50 [scrapy.core.engine] DEBUG: Crawled (200) <GET https://www.instagram.com/p/Bm_m6mWBa89/?__a=1> (referer: https://www.instagram.com/explore/tags/blackworkers/?__a=1)
2018-08-27 15:26:50 [scrapy.core.engine] DEBUG: Crawled (200) <GET https://www.instagram.com/p/Bm_nL2ljWnw/?__a=1> (referer: https://www.instagram.com/explore/tags/blackworkers/?__a=1)
2018-08-27 15:26:50 [scrapy.core.engine] DEBUG: Crawled (200) <GET https://www.instagram.com/p/Bm_neXegt1C/?__a=1> (referer: https://www.instagram.com/explore/tags/blackworkers/?__a=1)
2018-08-27 15:26:50 [scrapy.core.scraper] DEBUG: Scraped from <200 https://www.instagram.com/p/Bm_m5v3hHqi/?__a=1>
{'caption': 'asian kitchen. \n'
            '#tattoo #tattooed #blackwork #tattooartist #tttism #blackworkers '
            '#iblackwork #moscowtattoo #pain #tattoodesign #itattoo '
            '#blackworkers #blackworktattoo #graphic #blacktattoo #blackartist',
 'display_url': 'https://instagram.fphl1-1.fna.fbcdn.net/vp/a215e59600e8ab409eae74b3b79554f5/5C309D9D/t51.2885-15/e35/39971213_2090803574277316_7033447179893080064_n.jpg?_nc_eui2=AeG7Bz_n6dyrkwVyRhtfF8s39Dr0xsF9PfEWH9u0jdYnNnrfcT6_ZQnmByC6lWnpfdoh5h_-cr5OUNeWKlNPY4EA',
 'id': '1855372665674824354',
 'likes': 3,
 'loc_id': None,
 'loc_lat': None,
 'loc_long': None,
 'loc_name': None,
 'owner_id': '8498188499',
 'owner_name': 'sonay6691',
 'scraped_timestamp': '2018-08-27 15:26:50:26S',
 'shortcode': 'Bm_m5v3hHqi',
 'taken_at_timestamp': 1535397679}
2018-08-27 15:26:50 [scrapy.core.scraper] DEBUG: Scraped from <200 https://www.instagram.com/p/Bm_m6PUFQ7z/?__a=1>
{'caption': 'Czarno na czarnym\n'
            '#blackandwhite #black #blackworkers #allblack #vsco #polishboy '
            '#beardgang #mood #uwotm8 #blacktattoo',
 'display_url': 'https://instagram.fphl1-1.fna.fbcdn.net/vp/742e0764ab70d482b439d0a408191add/5C32A575/t51.2885-15/e35/39110938_475124406303741_2772927467227185152_n.jpg?_nc_eui2=AeEvMBvkPh4Ngbxc-0RmalW3Lr8-HdTirPunYMJKcR0dTlxhxYp076kjdpmN7K1zXJ6KUrJ3WOQfYVm0L8L5Y7jM',
 'id': '1855372699440058099',
 'likes': 7,
 'loc_id': None,
 'loc_lat': None,
 'loc_long': None,
 'loc_name': None,
 'owner_id': '242053920',
 'owner_name': 'fejkfejm',
 'scraped_timestamp': '2018-08-27 15:26:50:26S',
 'shortcode': 'Bm_m6PUFQ7z',
 'taken_at_timestamp': 1535397683}
2018-08-27 15:26:50 [scrapy.core.engine] DEBUG: Crawled (200) <GET https://www.instagram.com/p/Bm_nF6cH0hb/?__a=1> (referer: https://www.instagram.com/explore/tags/blackworkers/?__a=1)
2018-08-27 15:26:50 [scrapy.core.scraper] DEBUG: Scraped from <200 https://www.instagram.com/p/Bm_nI9khnJw/?__a=1>
{'caption': 'Framed the City poster 🔥',
 'display_url': 'https://instagram.fphl1-1.fna.fbcdn.net/vp/acb9ccd7cf24e1ac582ea93d8a69f097/5C20C0BB/t51.2885-15/e35/39039277_674417939599993_6869091632017309696_n.jpg?_nc_eui2=AeGz7KM3EyXAQa1rLSXphucxCyzB0_BYVRMPXgl1F_vsp_0H9XQyNczlVTkmjzxAu1A1sYCjMrt93L_UalzHYQog',
 'id': '1855373711180722800',
 'likes': 4,
 'loc_id': None,
 'loc_lat': None,
 'loc_long': None,
 'loc_name': None,
 'owner_id': '2979136066',
 'owner_name': 'iamduns',
 'scraped_timestamp': '2018-08-27 15:26:50:26S',
 'shortcode': 'Bm_nI9khnJw',
 'taken_at_timestamp': 1535397803}
2018-08-27 15:26:50 [scrapy.core.scraper] DEBUG: Scraped from <200 https://www.instagram.com/p/Bm_m6mWBa89/?__a=1>
{'caption': '2 sessions. \n'
            'большая часть зажившая. \n'
            '#tattoo #tattooed #blackwork #tattooartist #tttism #blackworkers '
            '#iblackwork #moscowtattoo #pain #tattoodesign #itattoo '
            '#blackworkers #blackworktattoo #graphic #blacktattoo #blackartist',
 'display_url': 'https://instagram.fphl1-1.fna.fbcdn.net/vp/75e2da91e51fecc76af9819c4d7b4cb6/5C01A665/t51.2885-15/e35/39951174_314579755969781_7308680765963763712_n.jpg?_nc_eui2=AeFE20nRCI8YYg_rV4VsnDdFC7PMQV_UV0-2GZK0vHrifpgH8e5rUNAmwwfoJ0K9QR8LAt5TtYOE_Tr-nRs9OSZb',
 'id': '1855372724168666941',
 'likes': 3,
 'loc_id': None,
 'loc_lat': None,
 'loc_long': None,
 'loc_name': None,
 'owner_id': '8498188499',
 'owner_name': 'sonay6691',
 'scraped_timestamp': '2018-08-27 15:26:50:26S',
 'shortcode': 'Bm_m6mWBa89',
 'taken_at_timestamp': 1535397686}
2018-08-27 15:26:50 [scrapy.core.scraper] DEBUG: Scraped from <200 https://www.instagram.com/p/Bm_neXegt1C/?__a=1>
{'caption': 'Collar bone script 🦄🦄 If you’re interested in getting your own '
            'piece write me at maya@penandink.dk or DM - lots of flash or your '
            'ideas 🙌🏼#lettering #script #letteringtattoo #scripttattoo '
            '#collarbonetattoo  #tattoo #handwritten #blackworkers #blackwork '
            '#traditional #traditionaltattoo #onlythedarkest #tattooart '
            '#btattooing #blackworkerssubmission #tattoos #blacktattooart '
            '#westbridgetattoo #blacktattoo #blacktraditional #blackandgrey '
            '#københavn #tatovering',
 'display_url': 'https://instagram.fphl1-1.fna.fbcdn.net/vp/3a057e1acd399598aeef5c24bc559b38/5C2FF80D/t51.2885-15/e35/39599269_891526804369293_1251136858226688_n.jpg?_nc_eui2=AeE7XW-RUzGqAMug7qtW8qovPbehfRUiob3WwMxUHIOJvDbMvu1eYPnIU-KtbM0D1uhTdPcuUrn4vIQVShpGZos_',
 'id': '1855375182106123586',
 'likes': 3,
 'loc_id': None,
 'loc_lat': None,
 'loc_long': None,
 'loc_name': None,
 'owner_id': '246838432',
 'owner_name': 'mayagurtler',
 'scraped_timestamp': '2018-08-27 15:26:50:26S',
 'shortcode': 'Bm_neXegt1C',
 'taken_at_timestamp': 1535397979}
2018-08-27 15:26:50 [scrapy.core.engine] DEBUG: Crawled (200) <GET https://www.instagram.com/p/Bm-72rYgcOX/?__a=1> (referer: https://www.instagram.com/explore/tags/blackworkers/?__a=1)
2018-08-27 15:26:50 [scrapy.core.engine] DEBUG: Crawled (200) <GET https://www.instagram.com/p/Bm-SNbcgq9C/?__a=1> (referer: https://www.instagram.com/explore/tags/blackworkers/?__a=1)
2018-08-27 15:26:50 [scrapy.core.engine] DEBUG: Crawled (200) <GET https://www.instagram.com/p/Bm_QHx4hQ4B/?__a=1> (referer: https://www.instagram.com/explore/tags/blackworkers/?__a=1)
2018-08-27 15:26:50 [scrapy.core.engine] DEBUG: Crawled (200) <GET https://www.instagram.com/p/Bm_UoBXg4Sz/?__a=1> (referer: https://www.instagram.com/explore/tags/blackworkers/?__a=1)
2018-08-27 15:26:50 [scrapy.core.engine] DEBUG: Crawled (200) <GET https://www.instagram.com/p/Bm_cXOUjITP/?__a=1> (referer: https://www.instagram.com/explore/tags/blackworkers/?__a=1)
2018-08-27 15:26:50 [scrapy.core.engine] DEBUG: Crawled (200) <GET https://www.instagram.com/p/Bm_Y0irhWm0/?__a=1> (referer: https://www.instagram.com/explore/tags/blackworkers/?__a=1)
2018-08-27 15:26:50 [scrapy.core.scraper] DEBUG: Scraped from <200 https://www.instagram.com/p/Bm-SNbcgq9C/?__a=1>
{'caption': 'Lucid dreamer for @tru.st.no.1 • thank you 🙏🏻',
 'display_url': 'https://instagram.fphl1-1.fna.fbcdn.net/vp/be43d81adbdafd6e55249fffd7440ab5/5C307F02/t51.2885-15/e35/39309316_424874928038979_4190604418250440704_n.jpg?_nc_eui2=AeETuLLsfYoDQMGK-PQq8e_kmVxfVji9CFI4sMjBi80KYGF7euyIh4Wjtm3L2Lv0u-OtubTk2wCPIFQainP7-QVU',
 'id': '1855000184182976322',
 'likes': 456,
 'loc_id': None,
 'loc_lat': None,
 'loc_long': None,
 'loc_name': None,
 'owner_id': '216019526',
 'owner_name': 'fimmtattooer',
 'scraped_timestamp': '2018-08-27 15:26:50:26S',
 'shortcode': 'Bm-SNbcgq9C',
 'taken_at_timestamp': 1535353275}
2018-08-27 15:26:50 [scrapy.core.scraper] DEBUG: Scraped from <200 https://www.instagram.com/p/Bm_QHx4hQ4B/?__a=1>
{'caption': '#day196 of my #flashaday challenge! ➡️➡️ SWIPE FOR TIMELAPSE '
            '➡️➡️\n'
            'Recreated a piece I made for my girlfriend @m.egmarie from nearly '
            '2 years ago! ‘Marceline & Marshall Lee’ originally drawn in ink '
            'on paper, digitalised and recreated using the iPad Pro on Adobe '
            'Draw! ✨💙 #adventuretime',
 'display_url': 'https://instagram.fphl1-1.fna.fbcdn.net/vp/6d6a855a77f251de07434474b6ecf44a/5BFC9304/t51.2885-15/e35/39993196_288566288604290_8880006585703727104_n.jpg?_nc_eui2=AeEAHA999lfv9BchjYEsN2-1iCQztRAcV_56EVj4vWFoUnpz1ILRccRpN5k1FmShZd3CjH-_S2AhzEsBMdPsH_bL',
 'id': '1855272474842041857',
 'likes': 77,
 'loc_id': None,
 'loc_lat': None,
 'loc_long': None,
 'loc_name': None,
 'owner_id': '470951004',
 'owner_name': 'hrsnr',
 'scraped_timestamp': '2018-08-27 15:26:50:26S',
 'shortcode': 'Bm_QHx4hQ4B',
 'taken_at_timestamp': 1535385735}
2018-08-27 15:26:50 [scrapy.core.scraper] DEBUG: Scraped from <200 https://www.instagram.com/p/Bm_UoBXg4Sz/?__a=1>
{'caption': 'No Mercy, por @laencinatattoo , hecho en tattooistplaza\n'
            '#tattoos  #tattoovalencia  #valenciatattoo  #eagletattoo  '
            '#traditionaltattoo  #tradi #blackwork #blackworkers#blacktattoo  '
            '#valencia #tattoo #nomercy #tatuaje  #tatuajes',
 'display_url': 'https://instagram.fphl1-1.fna.fbcdn.net/vp/7584f6ae89d683f1f5459f83e32f1d8a/5C02FFF7/t51.2885-15/e35/39314912_445420669314451_4155182564534910976_n.jpg?_nc_eui2=AeHRNAGzOHLotxStdBEn_ixrit83vVMDEakqW5mis0HArNxuWesbgG_Es6hDxfKsPhFi8IlWOJgNPyvvhg-PMm_o',
 'id': '1855292282677462195',
 'likes': 69,
 'loc_id': None,
 'loc_lat': None,
 'loc_long': None,
 'loc_name': None,
 'owner_id': '4533520381',
 'owner_name': 'laencinatattoo',
 'scraped_timestamp': '2018-08-27 15:26:50:26S',
 'shortcode': 'Bm_UoBXg4Sz',
 'taken_at_timestamp': 1535388096}
2018-08-27 15:26:50 [scrapy.core.engine] DEBUG: Crawled (200) <GET https://www.instagram.com/p/Bm_lD8FBvKd/?__a=1> (referer: https://www.instagram.com/explore/tags/blackworkers/?__a=1)
2018-08-27 15:26:50 [scrapy.core.engine] DEBUG: Crawled (200) <GET https://www.instagram.com/p/Bm_lEsHh9SL/?__a=1> (referer: https://www.instagram.com/explore/tags/blackworkers/?__a=1)
2018-08-27 15:26:50 [scrapy.core.engine] DEBUG: Crawled (200) <GET https://www.instagram.com/p/Bm_lE4GHKL9/?__a=1> (referer: https://www.instagram.com/explore/tags/blackworkers/?__a=1)
2018-08-27 15:26:50 [scrapy.core.engine] DEBUG: Crawled (200) <GET https://www.instagram.com/p/Bm_lGmunari/?__a=1> (referer: https://www.instagram.com/explore/tags/blackworkers/?__a=1)
2018-08-27 15:26:50 [scrapy.core.scraper] DEBUG: Scraped from <200 https://www.instagram.com/p/Bm_Y0irhWm0/?__a=1>
{'caption': '#snake #snaketattoo #blackink #darktattoos #blackinkcrew '
            '#blackworkers #blackwork #blacklovers #snakelovers #blackmagic '
            '#tattooartist #ostravatattoo #czechtattoo #sleeve #darksleeve '
            '#mantattoo #inkedman #blckwork #blckink #had #dnestetujem',
 'display_url': 'https://instagram.fphl1-1.fna.fbcdn.net/vp/52287091c066a1677d2cabea0375f0c7/5C3AC6AC/t51.2885-15/e35/39318848_2046803818704188_2981992280329551872_n.jpg?_nc_eui2=AeH6tqnxoBR_wHcAThsBJiqHuByKQbIkE_iPjcYPrykhc3BaWcIYx82EVxsXAAmmXNWBzjW6IAcmgyt4_0JyFqX5',
 'id': '1855310735266376116',
 'likes': 11,
 'loc_id': None,
 'loc_lat': None,
 'loc_long': None,
 'loc_name': None,
 'owner_id': '282841744',
 'owner_name': 'sxm_tattoo',
 'scraped_timestamp': '2018-08-27 15:26:50:26S',
 'shortcode': 'Bm_Y0irhWm0',
 'taken_at_timestamp': 1535390296}
2018-08-27 15:26:50 [scrapy.core.engine] DEBUG: Crawled (200) <GET https://www.instagram.com/p/Bm_lH8NnyDU/?__a=1> (referer: https://www.instagram.com/explore/tags/blackworkers/?__a=1)
2018-08-27 15:26:50 [scrapy.core.engine] DEBUG: Crawled (200) <GET https://www.instagram.com/p/Bm_lKsIHayS/?__a=1> (referer: https://www.instagram.com/explore/tags/blackworkers/?__a=1)
2018-08-27 15:26:50 [scrapy.core.engine] DEBUG: Crawled (200) <GET https://www.instagram.com/p/Bm_lI7rFutQ/?__a=1> (referer: https://www.instagram.com/explore/tags/blackworkers/?__a=1)
2018-08-27 15:26:50 [scrapy.core.scraper] DEBUG: Scraped from <200 https://www.instagram.com/p/Bm_lGmunari/?__a=1>
{'caption': 'LOST LOVE💔\n'
            'Available🙏🏻\n'
            '**********************\n'
            '#oldlines #blackworkerssubmission #blackworkers #linework #tttism '
            '#lovettt #taot #blacktattoo #bright_and_bold #btattooing '
            '#top_class_tattooing  #freehandtattoo #ssoo #blackinkcaviar '
            '#d_world_of_ink #taot #freehand #line #linetattoo #folkart '
            '#parloiruk',
 'display_url': 'https://instagram.fphl1-1.fna.fbcdn.net/vp/9e1527cd4fb9b55cd09f01e867ffebb8/5C3907D7/t51.2885-15/e35/37137100_1027806417379726_6457910773271232512_n.jpg?_nc_eui2=AeEdB9xBmBxEchg0_hFJ2qqDbmnW-ucMMWhPByemtYORw7QV3ZuijwVVyppIKaZhYSxjIGl_jvQMgHfV-yb-kArd',
 'id': '1855364753121979106',
 'likes': 99,
 'loc_id': None,
 'loc_lat': None,
 'loc_long': None,
 'loc_name': None,
 'owner_id': '224702298',
 'owner_name': 'mr_oger',
 'scraped_timestamp': '2018-08-27 15:26:50:26S',
 'shortcode': 'Bm_lGmunari',
 'taken_at_timestamp': 1535396735}
2018-08-27 15:26:50 [scrapy.core.engine] DEBUG: Crawled (200) <GET https://www.instagram.com/p/Bm_m3DEHnJa/?__a=1> (referer: https://www.instagram.com/explore/tags/blackworkers/?__a=1)
2018-08-27 15:26:50 [scrapy.core.engine] DEBUG: Crawled (200) <GET https://www.instagram.com/p/Bm_lNAXBzbZ/?__a=1> (referer: https://www.instagram.com/explore/tags/blackworkers/?__a=1)
2018-08-27 15:26:50 [scrapy.core.engine] DEBUG: Crawled (200) <GET https://www.instagram.com/p/Bm_lMhOgKxq/?__a=1> (referer: https://www.instagram.com/explore/tags/blackworkers/?__a=1)
2018-08-27 15:26:50 [scrapy.core.scraper] DEBUG: Scraped from <200 https://www.instagram.com/p/Bm_lI7rFutQ/?__a=1>
{'caption': '#tattoos #tattedup #tattoo#tattooer #tatttooed #instatattoo '
            '#inkedup #inktattoo #tat #inkedmag #tattoomobile\n'
            '#instatattoo #tattooedlife #tattooworld #tattooooftheday '
            '#tattooartistmagazine #tattooistartmag #tattoodo #tattooartist '
            '#tattooart #tattooing #tattooist #tattooer\xa0 #tattoowork '
            '#tattoodesing #blackworktattoo #blackworkers\xa0 #blacktattoo '
            '#tattooworkers #tattoolove #tattoolife',
 'display_url': 'https://instagram.fphl1-1.fna.fbcdn.net/vp/d0b947af6704583c0b0db3fe63dcc0f4/5C344439/t51.2885-15/e35/40261424_2281794472044512_5499571112742223872_n.jpg?_nc_eui2=AeFM4clZrKtZ8jY7tqo95HJIdRSQx2Eh_sSpQOBaxZAXBNwLQ2dsrhrmSqXJ_RxmoYbjZRcj12DRmRNBYypzE8Ou',
 'id': '1855364913050348368',
 'likes': 5,
 'loc_id': None,
 'loc_lat': None,
 'loc_long': None,
 'loc_name': None,
 'owner_id': '8498463793',
 'owner_name': 'tugcugilselcuk',
 'scraped_timestamp': '2018-08-27 15:26:50:26S',
 'shortcode': 'Bm_lI7rFutQ',
 'taken_at_timestamp': 1535396754}
2018-08-27 15:26:50 [scrapy.core.engine] DEBUG: Crawled (200) <GET https://www.instagram.com/p/Bm_lSAyFsRr/?__a=1> (referer: https://www.instagram.com/explore/tags/blackworkers/?__a=1)
2018-08-27 15:26:50 [scrapy.core.engine] DEBUG: Crawled (200) <GET https://www.instagram.com/p/Bm_lRsYnD4v/?__a=1> (referer: https://www.instagram.com/explore/tags/blackworkers/?__a=1)
2018-08-27 15:26:50 [scrapy.core.engine] DEBUG: Crawled (200) <GET https://www.instagram.com/p/Bm_lSVnnKlH/?__a=1> (referer: https://www.instagram.com/explore/tags/blackworkers/?__a=1)
2018-08-27 15:26:50 [scrapy.core.scraper] DEBUG: Scraped from <200 https://www.instagram.com/p/Bm_lSAyFsRr/?__a=1>
{'caption': '#Repost @erv2\n'
            '🖤🖤🖤🖤🖤🖤🖤🖤🖤🖤🖤🖤🖤🖤🖤🖤🖤🖤🖤🖤🖤🖤🖤🖤\n'
            'Inprocess, thank you Gabriel! Done at @sacrifice.bcn !!! Москва '
            'запись открыта.\n'
            ' #tattoo #blackwork #dotwork #moscow #дотворк #Mannheim  '
            '#орнамент #mandala #blackworkers #onlyblackart #bracelet '
            '#bracelettattoo #blxckink #tttpublishing #blackworkerssubmission '
            '#blackworkers #tattooed #pattern #москва #москвататуировка '
            '#москватату #blackwork #germany #ornament #tattoodo #moscowtattoo '
            '#barcelona #mannheimtattoo #татуировка #tätowierung',
 'display_url': 'https://instagram.fphl1-1.fna.fbcdn.net/vp/2b155650a42386d8f7f62350d5b521f9/5C15E534/t51.2885-15/e35/39763864_719403071728999_5244206766937341952_n.jpg?_nc_eui2=AeFHwgEYrTCxyeBt7o_4raIVEGgkeaJYxhYIEAuIg_GUV8AyIJtdzzd9qsOzSRqBROBhKxuAhVJyV3fT4f3G3fg3',
 'id': '1855365537011778667',
 'likes': 8,
 'loc_id': None,
 'loc_lat': None,
 'loc_long': None,
 'loc_name': None,
 'owner_id': '8033582226',
 'owner_name': 'tattoo_3.14',
 'scraped_timestamp': '2018-08-27 15:26:50:26S',
 'shortcode': 'Bm_lSAyFsRr',
 'taken_at_timestamp': 1535396829}
2018-08-27 15:26:51 [scrapy.core.engine] DEBUG: Crawled (200) <GET https://www.instagram.com/p/Bm_lSZ2lfpL/?__a=1> (referer: https://www.instagram.com/explore/tags/blackworkers/?__a=1)
2018-08-27 15:26:51 [scrapy.core.scraper] DEBUG: Scraped from <200 https://www.instagram.com/p/Bm_lSVnnKlH/?__a=1>
{'caption': 'Check out this by @victor.gracias.  Definitely follow '
            '@victor.gracias for other great  shots ❤️❤️\n'
            '.\n'
            '.\n'
            '\n'
            '#arte #art #artwork #blackwork #blackworkers '
            '#blackworkerssubmission #blxckink #btattooing #darkartists '
            '#darktattoo #blackart #blacktattooing #dotworktattoo\n'
            '#blacktattooart #linework #ink #singleneedle #inked #minnie '
            '#gracias',
 'display_url': 'https://instagram.fphl1-1.fna.fbcdn.net/vp/6931d4fe4ca7e05e096e7849221a50a0/5C20E8E7/t51.2885-15/e35/39546683_2037898303189948_5697550275951198208_n.jpg?_nc_eui2=AeEsNUCRAIQZqZzwWQulWUmWaVkTM5zxC3fXziY_IjRjRP8bvspDYenPfyxy3aEeuTW1EueR3_SdxZRO6m05ZzZ6',
 'id': '1855365559384582471',
 'likes': 19,
 'loc_id': None,
 'loc_lat': None,
 'loc_long': None,
 'loc_name': None,
 'owner_id': '7176548509',
 'owner_name': 'gothicprint',
 'scraped_timestamp': '2018-08-27 15:26:51:26S',
 'shortcode': 'Bm_lSVnnKlH',
 'taken_at_timestamp': 1535396831}
2018-08-27 15:26:51 [scrapy.core.engine] DEBUG: Crawled (200) <GET https://www.instagram.com/p/Bm_lTtClV7M/?__a=1> (referer: https://www.instagram.com/explore/tags/blackworkers/?__a=1)
2018-08-27 15:26:51 [scrapy.core.engine] DEBUG: Crawled (200) <GET https://www.instagram.com/explore/tags/blackworkers/?__a=1&max_id=AQAvfJnAq5QjtNlTsrSqugFju304v9AvRX_vjWz3OnDxjQo8oeCFaGFKXGJ9lrnchh3XiPjP0S6vWqj2qXbx8VniGm7rONRxvDaUZ57RSjVbNA> (referer: https://www.instagram.com/explore/tags/blackworkers/?__a=1)
2018-08-27 15:26:51 [scrapy.core.engine] DEBUG: Crawled (200) <GET https://www.instagram.com/explore/locations/213128338/?__a=1> (referer: https://www.instagram.com/p/Bm_m3K8jzVa/?__a=1)
2018-08-27 15:26:51 [scrapy.core.engine] DEBUG: Crawled (200) <GET https://www.instagram.com/explore/locations/1766076590289100/?__a=1> (referer: https://www.instagram.com/p/Bm_nF6cH0hb/?__a=1)
2018-08-27 15:26:51 [scrapy.core.scraper] DEBUG: Scraped from <200 https://www.instagram.com/explore/locations/213128338/?__a=1>
{'caption': 'Made this wanna do last week.\n'
            'Thanks for your trust again @vanylicious_ 🖤\n'
            '#blackworkers #blackworktattoo #blackink #tattoolove #tattoolife '
            '#dotwork #moontattoo #rosetattoo #wannado #tattooed #0711 '
            '#blacktattoo #blacktattooing #stigmarotary #stuttgart #inked '
            '#black #tattooart',
 'display_url': 'https://instagram.fphl1-1.fna.fbcdn.net/vp/dab3be1553afc84ae4dcbb0cc19271be/5C146064/t51.2885-15/e35/39872631_314812719283271_4966687871718129664_n.jpg?_nc_eui2=AeEgA0Shx43tr_ew1ra3LQXb9iWd26EVwhGTNkveepRIMF9DoPz8-a-1Mvo8ppIRqA9kSBpT0_gBIF1qxKQvdj1V',
 'id': '1855372488592012634',
 'likes': 14,
 'loc_id': '213128338',
 'loc_lat': 48.7823,
 'loc_long': 9.1739,
 'loc_name': 'Stuttgart, Germany',
 'owner_id': '377165191',
 'owner_name': 'karo.link.a',
 'scraped_timestamp': '2018-08-27 15:26:51:26S',
 'shortcode': 'Bm_m3K8jzVa',
 'taken_at_timestamp': 1535397657}
2018-08-27 15:26:51 [scrapy.core.scraper] DEBUG: Scraped from <200 https://www.instagram.com/explore/locations/1766076590289100/?__a=1>
{'caption': 'TATTOO DE: @kpo.bta /citas disponibles en Bogotá y Neiva, '
            'WhatsApp 3123104002 @kpo.bta o en @lineinkart studio ubicado en '
            'la cra 7#39-45 local 107 centro comercial Plaza39 '
            '#tatuadorescolombianos #ilustracion #avantgarde #tattoobogota '
            '#tattooscketch #tattooilustration #neiva #myworldofink #bogota '
            '#lineink #blackwork #blackworkers #blacktattooworld #iblackwork '
            '#tattoobogota #blxckink #inked #bogotatattoo #Tattoo_artwork '
            '#radtattoos #tattrx #btattooing #geometry #worldtattoo '
            '#freestyletattoo #tatuajesbogota #latinamericatattoo #costura',
 'display_url': 'https://instagram.fphl1-1.fna.fbcdn.net/vp/585fe326506aded24a35eea68ca52591/5C02D54E/t51.2885-15/e35/39181114_2086790401570603_7304227804000813056_n.jpg?_nc_eui2=AeF5t4dEG9dYqn5XHvo7-r5N8K89oRUjdrjJjMQPqNssL3kz_TWah3mimUf1iE3WnYKbbdxK98X84gyFdrjMMqpc',
 'id': '1855373501660088411',
 'likes': 4,
 'loc_id': '1766076590289100',
 'loc_lat': 4.6262441311,
 'loc_long': -74.0658223629,
 'loc_name': 'Lineink Arttattoo',
 'owner_id': '2999342310',
 'owner_name': 'lineinkart',
 'scraped_timestamp': '2018-08-27 15:26:51:26S',
 'shortcode': 'Bm_nF6cH0hb',
 'taken_at_timestamp': 1535397778}
2018-08-27 15:26:52 [scrapy.core.engine] DEBUG: Crawled (200) <GET https://www.instagram.com/explore/locations/26914683/?__a=1> (referer: https://www.instagram.com/p/Bm_cXOUjITP/?__a=1)
2018-08-27 15:26:52 [scrapy.core.engine] DEBUG: Crawled (200) <GET https://www.instagram.com/explore/locations/5929451/?__a=1> (referer: https://www.instagram.com/p/Bm_nL2ljWnw/?__a=1)
2018-08-27 15:26:52 [scrapy.core.engine] DEBUG: Crawled (200) <GET https://www.instagram.com/explore/locations/213094191/?__a=1> (referer: https://www.instagram.com/p/Bm-72rYgcOX/?__a=1)
2018-08-27 15:26:52 [scrapy.core.engine] DEBUG: Crawled (200) <GET https://www.instagram.com/explore/locations/5852579/?__a=1> (referer: https://www.instagram.com/p/Bm_lE4GHKL9/?__a=1)
2018-08-27 15:26:52 [scrapy.core.engine] DEBUG: Crawled (200) <GET https://www.instagram.com/explore/locations/207409165/?__a=1> (referer: https://www.instagram.com/p/Bm_lEsHh9SL/?__a=1)
2018-08-27 15:26:52 [scrapy.core.scraper] DEBUG: Scraped from <200 https://www.instagram.com/explore/locations/26914683/?__a=1>
{'caption': 'Realizado por @satori_tattooer23 👀\n'
            '-\n'
            '-\n'
            '-\n'
            '-\n'
            '-\n'
            '-\n'
            '-\n'
            '-\n'
            '-\n'
            '-\n'
            '-\n'
            '-\n'
            '-\n'
            '-\n'
            '- \n'
            '#flashtattoo #blackworktattoo #blackworkers #blacktattoo '
            '#blackworktattoo #blackink #blxckink #blackworkers '
            '#blackworkerssubmission #blackworker #blackworkchile #blackwork '
            '#tattooblack #darktattoo #darkartists #tattoodark #tatuajechileno '
            '#tattoochileno #chiletatuajes #chiletattoo #tattoo #tattooflash\n'
            '#flashaddicted #flashtattoo #onlyblack #onlyblacktattoos '
            '#onlyblackart',
 'display_url': 'https://instagram.fphl1-1.fna.fbcdn.net/vp/2ba10371d0ed58f1951c4064e22e6b20/5C1A3D16/t51.2885-15/e35/39252529_698835067127487_7256353590258696192_n.jpg?_nc_eui2=AeG_9pux1KapQW9xME70YC1pU2ekF0PzISrQ-kZW-YJCbRf7IurEcAUZmGhnB5diiFDuxXELLPh63CX3wJw_wOb2',
 'id': '1855326312727348431',
 'likes': 42,
 'loc_id': '26914683',
 'loc_lat': -33.45,
 'loc_long': -70.6667,
 'loc_name': 'Santiago, Chile',
 'owner_id': '7744846137',
 'owner_name': 'avantcrime',
 'scraped_timestamp': '2018-08-27 15:26:52:26S',
 'shortcode': 'Bm_cXOUjITP',
 'taken_at_timestamp': 1535392153}
2018-08-27 15:26:52 [scrapy.core.scraper] DEBUG: Scraped from <200 https://www.instagram.com/explore/locations/5929451/?__a=1>
{'caption': '$120 flash special 👀 #tattooflash #traditionaltattooflash '
            '#flashwork #flashworkers #blacktattooflash #tattooflashsheet '
            '#eyetattoo #spidertattoo #birdtattoo #tattoo #tattoos #brooklyn '
            '#newyork #newyorkcity #brooklyntattoo #newyorktattoo #nyctattoo '
            '#citizenink #blackwork #blackworktattoo #blackworkers '
            '#blacktattoo #darkartists #oldlines #boldlines #traditionaltattoo '
            '#blacktraditional #blacktraditionaltattoo #blacktrad '
            '#brooklyntattooartist',
 'display_url': 'https://instagram.fphl1-1.fna.fbcdn.net/vp/25cdc7d85a6ba60c38dab10b16853ef8/5C0080CE/t51.2885-15/e35/39651417_259794494649584_6122301070984085504_n.jpg?_nc_eui2=AeE1yWLsQBO7HeLaMvJS6y7sbWpBj_GCfyrRHKlXVPpNKbf2PWUVa6SAZgkV9-JTNvTct5uKAoDcKt8APu0c2Tbn',
 'id': '1855373909840194032',
 'likes': 10,
 'loc_id': '5929451',
 'loc_lat': 40.59917,
 'loc_long': -73.95539,
 'loc_name': 'Citizen Ink',
 'owner_id': '31647959',
 'owner_name': 'brooklyntattooer',
 'scraped_timestamp': '2018-08-27 15:26:52:26S',
 'shortcode': 'Bm_nL2ljWnw',
 'taken_at_timestamp': 1535397827}
2018-08-27 15:26:52 [scrapy.core.scraper] DEBUG: Scraped from <200 https://www.instagram.com/explore/locations/213094191/?__a=1>
{'caption': '오늘은 미니타투의 하루엿다\n@bk.inkstudio',
 'display_url': 'https://instagram.fphl1-1.fna.fbcdn.net/vp/94fe7a5e3c7bf6db2c7914e08faf8d8c/5BFD917E/t51.2885-15/e35/39352511_340994993307430_7289460525321158656_n.jpg?_nc_eui2=AeEL68qztKQGVtZw_a5vJxRCUgvTbuPNG-LgNgU1k7eLgGsVj8sk33JM7mepFy7zGlUi9ESIE3jLrvdAWGM3R2XL',
 'id': '1855183338701177751',
 'likes': 90,
 'loc_id': '213094191',
 'loc_lat': 37.51502,
 'loc_long': 127.01648,
 'loc_name': 'Seoul, Korea',
 'owner_id': '900622682',
 'owner_name': 'mabi_tattooer',
 'scraped_timestamp': '2018-08-27 15:26:52:26S',
 'shortcode': 'Bm-72rYgcOX',
 'taken_at_timestamp': 1535375109}
2018-08-27 15:26:52 [scrapy.core.scraper] DEBUG: Scraped from <200 https://www.instagram.com/explore/locations/5852579/?__a=1>
{'caption': 'She wanted an aye, but I gave her a bee\n'
            '#blackandgreytattoo #blackclaw #topclasstattooing '
            '#besttraditionaltattoos #radtrad #boldwillhold #blxckink #black '
            '#blackwork #bee #beetattoo #tattooart #tattooartist #tattooidea '
            '#tattoodesign #blackworker #blackworkers #blackworkerssubmission '
            '#bw #tradtattoo #traditionaltattoo #neotrad #neotraditional '
            '#neotradtattoo #neotraditionaltattoo kc #kcmo #kansascity '
            '#kansascitymo #irezumitattoo',
 'display_url': 'https://instagram.fphl1-1.fna.fbcdn.net/vp/0dd8e8693be9fdde440958c31d451bcb/5C17FFE5/t51.2885-15/e35/39894799_2113712345562692_5347097497401556992_n.jpg?_nc_eui2=AeGVpLg9XN7gQ76pPt_pXYGaaZI-Y2J7zT55kid7buYeBepFuA6V81OGojMcL2sqrZM46oRNVw8X2ea3U3_nU_wL',
 'id': '1855364634330833661',
 'likes': 22,
 'loc_id': '5852579',
 'loc_lat': 38.993655761,
 'loc_long': -94.5943765451,
 'loc_name': 'Irezumi Tattoo',
 'owner_id': '1289371418',
 'owner_name': 'tomoro_roque',
 'scraped_timestamp': '2018-08-27 15:26:52:26S',
 'shortcode': 'Bm_lE4GHKL9',
 'taken_at_timestamp': 1535396721}
2018-08-27 15:26:52 [scrapy.core.engine] DEBUG: Crawled (200) <GET https://www.instagram.com/explore/locations/830050/?__a=1> (referer: https://www.instagram.com/p/Bm_lD8FBvKd/?__a=1)
2018-08-27 15:26:52 [scrapy.core.scraper] DEBUG: Scraped from <200 https://www.instagram.com/explore/locations/207409165/?__a=1>
{'caption': 'Tulip for @ahojtattoo. By @moruse__ 🌛\n'
            '#blackrabbitprague #bw #blackandwhite #blackwork '
            '#blackworkerssubmission #blackworkers #praguetattoo '
            '#praguestagram #prague #blacktattoo #blacktattooart #illustration '
            '#blxckink #btattooing #tattoo #dnestetujem',
 'display_url': 'https://instagram.fphl1-1.fna.fbcdn.net/vp/2c43c3ed61d6fad18a04ab0f2199c5d3/5C3345AF/t51.2885-15/e35/39756291_2116372138580146_8090051062179823616_n.jpg?_nc_eui2=AeFtSm8YdGorccpbfKIw_QhdJFKdCtqdX5pUkblOif6s5zBeCHshJTj1Gd7p1qkrsvWEljvy7vmP5cdXRYi_TKRI',
 'id': '1855364621469734027',
 'likes': 25,
 'loc_id': '207409165',
 'loc_lat': 50.0762,
 'loc_long': 14.4421,
 'loc_name': 'Prague, Czech Republic',
 'owner_id': '3141913113',
 'owner_name': 'blackrabbitprague',
 'scraped_timestamp': '2018-08-27 15:26:52:26S',
 'shortcode': 'Bm_lEsHh9SL',
 'taken_at_timestamp': 1535396720}
2018-08-27 15:26:52 [scrapy.core.scraper] DEBUG: Scraped from <200 https://www.instagram.com/explore/locations/830050/?__a=1>
{'caption': 'Little filler for Chris! Have time for tats such as these on '
            'Thursday! Done @fiveStarTattoo .\n'
            '.\n'
            '.\n'
            '.\n'
            '.\n'
            '#tttism #kentuckytattooers #louisvilletattoo #louisvilletattoos '
            '#louisvilleartist #ornament #ornamentaltattoo #mehndi '
            '#mehnditattoo #blackwork #sacredgeometrytattoo #blackworkers '
            '#dailydotwork #blacktattoomag #henna #hennatattoo '
            '#unflappablekarl #mandala #mandalatattoo #equilatera '
            '#blacktattooing #blackndark #louisvilletattooartist #blkttt '
            '#blackworktattoo  #ornamentalika #blackclawneedles #dankubin '
            '#geometrychaos #geometrip',
 'display_url': 'https://instagram.fphl1-1.fna.fbcdn.net/vp/f3435a1a2d33a7d3f9de0ea20f776fdd/5C21A628/t51.2885-15/e35/39922470_290659608393187_917711417392496640_n.jpg?_nc_eui2=AeF5wQKY_6AKkSPylbM5DFVFg48t_CvM78VGpcJxubbn8PvC9-EGxdBXdqjyNoRJy6yIKeE6FIarUIgrAapTqTdP',
 'id': '1855364569888125597',
 'likes': 21,
 'loc_id': '830050',
 'loc_lat': 38.25334,
 'loc_long': -85.70565,
 'loc_name': 'Five Star Tattoo',
 'owner_id': '389927159',
 'owner_name': 'unflappable_karl',
 'scraped_timestamp': '2018-08-27 15:26:52:26S',
 'shortcode': 'Bm_lD8FBvKd',
 'taken_at_timestamp': 1535396713}
2018-08-27 15:26:52 [scrapy.core.engine] DEBUG: Crawled (200) <GET https://www.instagram.com/p/Bm_lVlSjwR4/?__a=1> (referer: https://www.instagram.com/explore/tags/blackworkers/?__a=1)
2018-08-27 15:26:52 [scrapy.core.scraper] DEBUG: Scraped from <200 https://www.instagram.com/p/Bm_lVlSjwR4/?__a=1>
{'caption': 'WHAT IS YOUR FAVOURITE ANIMAL? \U0001f992 🐘 🦍🐆🐅🐫🐕🐖🐏🐈🐓🐄\U0001f993 '
            '————————————————————————Ya está abierta mi agenda para citas en '
            'Madrid en @alchemistsvalley / @valley_madrid yeyyy!',
 'display_url': 'https://instagram.fphl1-1.fna.fbcdn.net/vp/c02a6815d492ce9e17807e9d79911f36/5C0433B1/t51.2885-15/e35/39209777_456617674747721_5664870389486977024_n.jpg?_nc_eui2=AeH75VIJB2JhBinqwshIh3AlzKXPpTP72B4HuHQ3gJanu7wRskcYswoQQGt-QCwifICbwRQ7tikLfCKNZy2bKa6o',
 'id': '1855365782369666168',
 'likes': 589,
 'loc_id': None,
 'loc_lat': None,
 'loc_long': None,
 'loc_name': None,
 'owner_id': '1026085981',
 'owner_name': 'mariafernandeztattoo',
 'scraped_timestamp': '2018-08-27 15:26:52:26S',
 'shortcode': 'Bm_lVlSjwR4',
 'taken_at_timestamp': 1535396858}
2018-08-27 15:26:52 [scrapy.core.engine] DEBUG: Crawled (200) <GET https://www.instagram.com/explore/locations/6889842/?__a=1> (referer: https://www.instagram.com/p/Bm_lKsIHayS/?__a=1)
2018-08-27 15:26:52 [scrapy.core.engine] DEBUG: Crawled (200) <GET https://www.instagram.com/explore/locations/116231/?__a=1> (referer: https://www.instagram.com/p/Bm_lH8NnyDU/?__a=1)
2018-08-27 15:26:52 [scrapy.core.scraper] DEBUG: Scraped from <200 https://www.instagram.com/explore/locations/6889842/?__a=1>
{'caption': 'Je suis actuellement en vacances mais je book les rdv pour '
            'septembre/octobre (a partir du 13 septembre)\n'
            '⬆️Flashs ⬆️ ou ton idée, envoi un MP 🖤\n'
            '——\n'
            '#tattoodesign #tattooflashed #tattooflash #tattoo #tattoopainting '
            '#tattoopaint #tattoodrawing #artnerd #artcollective #supernatural '
            '#flashcollective #Real_traditional_flash #tattooidea #ink '
            '#inked \n'
            '#tattooflashsheet #tattooflashset #blackworkers  '
            '#blackworkersubmission #flashaddicted #darkartists #tattoos '
            '#blacktattoo #dotwork #simpson #magicmoonneedles #paris '
            '#paristattoo #paristatouage',
 'display_url': 'https://instagram.fphl1-1.fna.fbcdn.net/vp/f477fab8d5badd5900e5789bf74d2f0b/5BFC59A9/t51.2885-15/e35/39754854_287084858784007_5838348039877558272_n.jpg?_nc_eui2=AeE1yd-6wwift1UI2ubXn6YvW14Zq0V5vOo9KLFW4s21FnSV9vUPRAjoUZeAnklbRnOLWhUorjbnqPKfiuQxfO_y',
 'id': '1855365033796414610',
 'likes': 14,
 'loc_id': '6889842',
 'loc_lat': 48.8567,
 'loc_long': 2.3508,
 'loc_name': 'Paris, France',
 'owner_id': '3590210942',
 'owner_name': 'kingsinhelltattoo',
 'scraped_timestamp': '2018-08-27 15:26:52:26S',
 'shortcode': 'Bm_lKsIHayS',
 'taken_at_timestamp': 1535396769}
2018-08-27 15:26:52 [scrapy.core.engine] DEBUG: Crawled (200) <GET https://www.instagram.com/p/BlQNd0pBJ5s/?__a=1> (referer: https://www.instagram.com/explore/tags/blackworkers/?__a=1&max_id=AQAvfJnAq5QjtNlTsrSqugFju304v9AvRX_vjWz3OnDxjQo8oeCFaGFKXGJ9lrnchh3XiPjP0S6vWqj2qXbx8VniGm7rONRxvDaUZ57RSjVbNA)
2018-08-27 15:26:52 [scrapy.core.scraper] DEBUG: Scraped from <200 https://www.instagram.com/explore/locations/116231/?__a=1>
{'caption': 'Thanks so much Frost!! Always great seeing you guys!! 😄🙏🏼 Done '
            '@salonserpenttattooparlour for bookings please e-mail '
            'info@salonserpent.com ✌🏼🖤\n'
            '.\n'
            '.\n'
            '.\n'
            '.\n'
            '#tattoo #tattoos #tattoosartist #salonserpent #btattooing '
            '#tattooer #onlythedarkest #blackworkers #traditionaltattoo '
            '#whipshaded #boldwillhold #ttblackink #blacktattoos '
            '#girlswithtattoos #tattooamsterdam #tattooflash #tattoodo '
            '#blackboldsociety #blacktattooart #blackflashwork #onlyblackart '
            '#blxckink #shortytattoos #amsterdamtattoo #blacktraditional '
            '#tattooflashswap #blackworkerssubmission #darkartists',
 'display_url': 'https://instagram.fphl1-1.fna.fbcdn.net/vp/b27f60d9c2f0952c99f8ff40ce578d98/5BFDC964/t51.2885-15/e35/39327930_396309437570422_345411736779620352_n.jpg?_nc_eui2=AeGYbuT6llpXQpuTXQ-ZfXDM85C5_d4Xa96RQDvFkHgZjmK4wwZllQFsJgHd5wqOErXn8EM_ZlIV5IGAPtIoHhup',
 'id': '1855364844910223572',
 'likes': 45,
 'loc_id': '116231',
 'loc_lat': 52.3777,
 'loc_long': 4.9001,
 'loc_name': 'Amsterdam, Netherlands',
 'owner_id': '47135801',
 'owner_name': 'shortytattoos',
 'scraped_timestamp': '2018-08-27 15:26:52:26S',
 'shortcode': 'Bm_lH8NnyDU',
 'taken_at_timestamp': 1535396746}
2018-08-27 15:26:52 [scrapy.core.engine] DEBUG: Crawled (200) <GET https://www.instagram.com/p/BlQObyUh6Ee/?__a=1> (referer: https://www.instagram.com/explore/tags/blackworkers/?__a=1&max_id=AQAvfJnAq5QjtNlTsrSqugFju304v9AvRX_vjWz3OnDxjQo8oeCFaGFKXGJ9lrnchh3XiPjP0S6vWqj2qXbx8VniGm7rONRxvDaUZ57RSjVbNA)
2018-08-27 15:26:52 [scrapy.core.scraper] DEBUG: Scraped from <200 https://www.instagram.com/p/BlQNd0pBJ5s/?__a=1>
{'caption': 'L O T U S\n'
            '\n'
            '#tattoo #dotwork #dotworktattoo #pointillism #pointillismtattoo  '
            '#tatuaje #blackwork #blackworkers #blackworktattoo #linework '
            '#lineworktattoo #barcelona #tattoobarcelona #tatuajebarcelona '
            '#tatuadorbarcelona #tatuadoresbarcelona #tatuadorabarcelona '
            '#tattoohospitalet #tatuajehospitalet #tattooartist',
 'display_url': 'https://instagram.fphl1-1.fna.fbcdn.net/vp/637758b316403e5cf286dfce92dfb099/5C2F6EEF/t51.2885-15/e35/36679306_472592719834309_3026055900302409728_n.jpg?_nc_eui2=AeHEUPUX2dbdWB_OKezrU_JSRE4AZJ5SUXoPdMmPnanWL6d93vcBFHha9_R9QIqFPbDtICjDjnnzMPKwh4J5fQqY',
 'id': '1824017073077263980',
 'likes': 40,
 'loc_id': None,
 'loc_lat': None,
 'loc_long': None,
 'loc_name': None,
 'owner_id': '5991562935',
 'owner_name': 'gwyllionart',
 'scraped_timestamp': '2018-08-27 15:26:52:26S',
 'shortcode': 'BlQNd0pBJ5s',
 'taken_at_timestamp': 1531659801}
2018-08-27 15:26:52 [scrapy.core.engine] DEBUG: Crawled (200) <GET https://www.instagram.com/p/BlVDZpLBfiq/?__a=1> (referer: https://www.instagram.com/explore/tags/blackworkers/?__a=1&max_id=AQAvfJnAq5QjtNlTsrSqugFju304v9AvRX_vjWz3OnDxjQo8oeCFaGFKXGJ9lrnchh3XiPjP0S6vWqj2qXbx8VniGm7rONRxvDaUZ57RSjVbNA)
2018-08-27 15:26:52 [scrapy.core.engine] DEBUG: Crawled (200) <GET https://www.instagram.com/p/BlirJPNhvKH/?__a=1> (referer: https://www.instagram.com/explore/tags/blackworkers/?__a=1&max_id=AQAvfJnAq5QjtNlTsrSqugFju304v9AvRX_vjWz3OnDxjQo8oeCFaGFKXGJ9lrnchh3XiPjP0S6vWqj2qXbx8VniGm7rONRxvDaUZ57RSjVbNA)
2018-08-27 15:26:52 [scrapy.core.scraper] DEBUG: Scraped from <200 https://www.instagram.com/p/BlQObyUh6Ee/?__a=1>
{'caption': 'L I N E W O R K\n'
            '\n'
            '#tattoo #dotwork #dotworktattoo #pointillism #pointillismtattoo  '
            '#tatuaje #blackwork #blackworkers #blackworktattoo #linework '
            '#lineworktattoo #barcelona #tattoobarcelona #tatuajebarcelona '
            '#tatuadorbarcelona #tatuadoresbarcelona #tatuadorabarcelona '
            '#tattoohospitalet #tatuajehospitalet #tattooartist',
 'display_url': 'https://instagram.fphl1-1.fna.fbcdn.net/vp/1a4eea3dc7d7099f7344ef6c54910b4c/5C381F99/t51.2885-15/e35/36808126_637063156674353_1250313130743955456_n.jpg?_nc_eui2=AeFKDIUZ9_lwo8RHj7NiB20BadFcAMq66TXJwbDf0L9UGgIg95FYd7sql-4jM5SmU13zyTIa146Vbq7v9_K55jv5',
 'id': '1824021331193602334',
 'likes': 44,
 'loc_id': None,
 'loc_lat': None,
 'loc_long': None,
 'loc_name': None,
 'owner_id': '5991562935',
 'owner_name': 'gwyllionart',
 'scraped_timestamp': '2018-08-27 15:26:52:26S',
 'shortcode': 'BlQObyUh6Ee',
 'taken_at_timestamp': 1531660308}
2018-08-27 15:26:52 [scrapy.core.scraper] DEBUG: Scraped from <200 https://www.instagram.com/p/BlVDZpLBfiq/?__a=1>
{'caption': 'Diseño disponible\n'
            '\n'
            '#tattoo #dotwork #dotworktattoo #pointillism #pointillismtattoo  '
            '#tatuaje #blackwork #blackworkers #blackworktattoo #linework '
            '#lineworktattoo #barcelona #tattoobarcelona #tatuajebarcelona '
            '#tatuadorbarcelona #tatuadoresbarcelona #tatuadorabarcelona '
            '#tattoohospitalet #tatuajehospitalet #tattooartist',
 'display_url': 'https://instagram.fphl1-1.fna.fbcdn.net/vp/6aeb6a7e95cf51697c2045cc78657512/5C160DA1/t51.2885-15/e35/36917225_364907804040324_7645750946110111744_n.jpg?_nc_eui2=AeGil2FgJLtMvz6urgt9RxxyhG4NzVcvlZfKJ9dKi1_h8VGhI9bBpVyOJdE6Xk-OPiXAHjoLH6Det1_h8_JQGB1Q',
 'id': '1825380180303411370',
 'likes': 19,
 'loc_id': None,
 'loc_lat': None,
 'loc_long': None,
 'loc_name': None,
 'owner_id': '5991562935',
 'owner_name': 'gwyllionart',
 'scraped_timestamp': '2018-08-27 15:26:52:26S',
 'shortcode': 'BlVDZpLBfiq',
 'taken_at_timestamp': 1531822296}
2018-08-27 15:26:52 [scrapy.core.engine] DEBUG: Crawled (200) <GET https://www.instagram.com/explore/locations/512242629115726/?__a=1> (referer: https://www.instagram.com/p/Bm_m3DEHnJa/?__a=1)
2018-08-27 15:26:52 [scrapy.core.engine] DEBUG: Crawled (200) <GET https://www.instagram.com/p/BmbOAqZhBL2/?__a=1> (referer: https://www.instagram.com/explore/tags/blackworkers/?__a=1&max_id=AQAvfJnAq5QjtNlTsrSqugFju304v9AvRX_vjWz3OnDxjQo8oeCFaGFKXGJ9lrnchh3XiPjP0S6vWqj2qXbx8VniGm7rONRxvDaUZ57RSjVbNA)
2018-08-27 15:26:52 [scrapy.core.scraper] DEBUG: Scraped from <200 https://www.instagram.com/p/BlirJPNhvKH/?__a=1>
{'caption': '#tattoo #dotwork #dotworktattoo #pointillism #pointillismtattoo  '
            '#tatuaje #blackwork #blackworkers #blackworktattoo #linework '
            '#lineworktattoo #barcelona #tattoobarcelona #tatuajebarcelona '
            '#tatuadorbarcelona #tatuadoresbarcelona #tatuadorabarcelona '
            '#tattoohospitalet #tatuajehospitalet #tattooartist',
 'display_url': 'https://instagram.fphl1-1.fna.fbcdn.net/vp/2015f7134dc194728967dccaeffe3cc0/5C2E9B35/t51.2885-15/e35/37075831_211578189504423_1506740296271003648_n.jpg?_nc_eui2=AeHKkwpwQG5PdVNxIeDqEUsxy9GmCb1stDo8ThVlTjxl-pMsaZAqk9nX2_B56Pm80lwdmFqIggkUDdKKe6RnBcOR',
 'id': '1829214149474185863',
 'likes': 32,
 'loc_id': None,
 'loc_lat': None,
 'loc_long': None,
 'loc_name': None,
 'owner_id': '5991562935',
 'owner_name': 'gwyllionart',
 'scraped_timestamp': '2018-08-27 15:26:52:26S',
 'shortcode': 'BlirJPNhvKH',
 'taken_at_timestamp': 1532279340}
2018-08-27 15:26:53 [scrapy.core.scraper] DEBUG: Scraped from <200 https://www.instagram.com/explore/locations/512242629115726/?__a=1>
{'caption': 'thanks @qwertymegg for getting this one!',
 'display_url': 'https://instagram.fphl1-1.fna.fbcdn.net/vp/65171554621e4c702466af22a775622a/5C3B4B17/t51.2885-15/e35/40044294_2132661067060122_2959639782711653297_n.jpg?_nc_eui2=AeHde3Sqs8ojg0dP9QilhAC2yp9aHXytvw-NB4Das-ao-WC62vm9w5OiXeJh-BgqJQj2j1r8vGyYePneyoclbZ8o',
 'id': '1855372480128905818',
 'likes': 15,
 'loc_id': '512242629115726',
 'loc_lat': 52.6317605679,
 'loc_long': 1.2846493721,
 'loc_name': 'HD13 Custom tattoo Norwich',
 'owner_id': '33072553',
 'owner_name': 'slo.jim',
 'scraped_timestamp': '2018-08-27 15:26:53:26S',
 'shortcode': 'Bm_m3DEHnJa',
 'taken_at_timestamp': 1535397656}
2018-08-27 15:26:53 [scrapy.core.engine] DEBUG: Crawled (200) <GET https://www.instagram.com/p/Bl7rjSiBXAE/?__a=1> (referer: https://www.instagram.com/explore/tags/blackworkers/?__a=1&max_id=AQAvfJnAq5QjtNlTsrSqugFju304v9AvRX_vjWz3OnDxjQo8oeCFaGFKXGJ9lrnchh3XiPjP0S6vWqj2qXbx8VniGm7rONRxvDaUZ57RSjVbNA)
2018-08-27 15:26:53 [scrapy.core.engine] DEBUG: Crawled (200) <GET https://www.instagram.com/explore/locations/237178172/?__a=1> (referer: https://www.instagram.com/p/Bm_lSZ2lfpL/?__a=1)
2018-08-27 15:26:53 [scrapy.core.engine] DEBUG: Crawled (200) <GET https://www.instagram.com/explore/locations/784658348219951/?__a=1> (referer: https://www.instagram.com/p/Bm_lMhOgKxq/?__a=1)
2018-08-27 15:26:53 [scrapy.core.engine] DEBUG: Crawled (200) <GET https://www.instagram.com/explore/locations/44961364/?__a=1> (referer: https://www.instagram.com/p/Bm_lNAXBzbZ/?__a=1)
2018-08-27 15:26:53 [scrapy.core.scraper] DEBUG: Scraped from <200 https://www.instagram.com/p/BmbOAqZhBL2/?__a=1>
{'caption': 'Elefantito cicatrizado\n'
            '\n'
            '#tattoo #dotwork #dotworktattoo #pointillism #pointillismtattoo  '
            '#tatuaje #blackwork #blackworkers #blackworktattoo #linework '
            '#lineworktattoo #barcelona #tattoobarcelona #tatuajebarcelona '
            '#tatuadorbarcelona #tatuadoresbarcelona #tatuadorabarcelona '
            '#tattoohospitalet #tatuajehospitalet #tattooartist',
 'display_url': 'https://instagram.fphl1-1.fna.fbcdn.net/vp/2853f0b92d0e3b0498c3a65faa063cf0/5C03D20E/t51.2885-15/e35/39064751_912011632333421_500480856691834880_n.jpg?_nc_eui2=AeHa2SKNHg04LeujxyCT8pIwdJVAbVCFkjyFFk-H7ubEZBtUtTQt5M_fyCj5VlpDDQJhsp-yYV3wNw1WfP-A3FVn',
 'id': '1845130090514748150',
 'likes': 29,
 'loc_id': None,
 'loc_lat': None,
 'loc_long': None,
 'loc_name': None,
 'owner_id': '5991562935',
 'owner_name': 'gwyllionart',
 'scraped_timestamp': '2018-08-27 15:26:53:26S',
 'shortcode': 'BmbOAqZhBL2',
 'taken_at_timestamp': 1534176668}
2018-08-27 15:26:53 [scrapy.core.engine] DEBUG: Crawled (200) <GET https://www.instagram.com/explore/locations/213832057/?__a=1> (referer: https://www.instagram.com/p/Bm_lRsYnD4v/?__a=1)
2018-08-27 15:26:53 [scrapy.core.engine] DEBUG: Crawled (200) <GET https://www.instagram.com/p/Bmfvbi7B_bb/?__a=1> (referer: https://www.instagram.com/explore/tags/blackworkers/?__a=1&max_id=AQAvfJnAq5QjtNlTsrSqugFju304v9AvRX_vjWz3OnDxjQo8oeCFaGFKXGJ9lrnchh3XiPjP0S6vWqj2qXbx8VniGm7rONRxvDaUZ57RSjVbNA)
2018-08-27 15:26:53 [scrapy.core.engine] DEBUG: Crawled (200) <GET https://www.instagram.com/p/Bmfu5JfhBrF/?__a=1> (referer: https://www.instagram.com/explore/tags/blackworkers/?__a=1&max_id=AQAvfJnAq5QjtNlTsrSqugFju304v9AvRX_vjWz3OnDxjQo8oeCFaGFKXGJ9lrnchh3XiPjP0S6vWqj2qXbx8VniGm7rONRxvDaUZ57RSjVbNA)
2018-08-27 15:26:53 [scrapy.core.scraper] DEBUG: Scraped from <200 https://www.instagram.com/explore/locations/237178172/?__a=1>
{'caption': 'Quem tiver afim de tatuar essa arte exclusiva, estou cobrando '
            'apenas o valor do material. ⠀⠀⠀⠀⠀⠀⠀⠀⠀⠀⠀⠀⠀⠀⠀⠀⠀⠀⠀⠀⠀⠀⠀⠀⠀⠀⠀\n'
            '▪\xa0 WhatsApp 15 98826-0182 ⠀⠀⠀⠀⠀⠀⠀⠀⠀⠀⠀⠀⠀⠀⠀⠀⠀⠀⠀⠀⠀⠀⠀⠀⠀⠀⠀\n'
            '▪\xa0 Estúdio privado em Votorantim\n'
            '⠀⠀⠀⠀⠀⠀⠀⠀⠀⠀⠀⠀⠀⠀⠀⠀⠀⠀⠀⠀⠀⠀⠀⠀⠀⠀⠀⠀⠀⠀⠀⠀⠀⠀⠀⠀⠀⠀⠀⠀⠀⠀⠀⠀⠀⠀⠀⠀⠀⠀⠀⠀⠀⠀⠀⠀⠀⠀⠀⠀ '
            '#votorantim #sorocaba #tattoo #tatuagem #flashtattoo #tattooart '
            '#blackwork #sketch #tattoostyle #tattooist #tattooing #tattoo2me '
            '#tattooer #tattooed #tattoodoblackworkartist #tattoodesign '
            '#tattooflash #tattooink #tattoolife #tattooworkers '
            '#tatuagemsorocaba #tattoosorocaba #blacktattooing #blackworkers '
            '#blacktattoo #iblackwork #darkartists #blackworkartists',
 'display_url': 'https://instagram.fphl1-1.fna.fbcdn.net/vp/1934cc8ebf283a30381cc8da5511ba2f/5C3B2466/t51.2885-15/e35/39338927_291299758319585_3582597822647631872_n.jpg?_nc_eui2=AeEOodrslUa5NLgBFIVyMQFT4at6QMRGrsu1lDuEohqB4pg4ks4DlSaK04-6X3Ja2knjeVMlY0rnj6UlVefeW8RC',
 'id': '1855365563930769995',
 'likes': 20,
 'loc_id': '237178172',
 'loc_lat': -23.5344486423,
 'loc_long': -47.4317359571,
 'loc_name': 'Votorantim-São Paulo',
 'owner_id': '8274074034',
 'owner_name': 'felipecosta.tattoo',
 'scraped_timestamp': '2018-08-27 15:26:53:26S',
 'shortcode': 'Bm_lSZ2lfpL',
 'taken_at_timestamp': 1535396832}
2018-08-27 15:26:53 [scrapy.core.scraper] DEBUG: Scraped from <200 https://www.instagram.com/explore/locations/784658348219951/?__a=1>
{'caption': '#mothtattoo #blacktattoo #blackwork #blackworker #blackworkers '
            '#blackworksubmission #tattoo #tattooart #tattooed #tattooedgirls '
            '#tattooedgirl #inked #inkedgirls #inkedup #inkedlife #darkart '
            '#darkartist #kadıköy #istanbul #dövme',
 'display_url': 'https://instagram.fphl1-1.fna.fbcdn.net/vp/2a334a384d83e71873b63049838d374b/5C2246F4/t51.2885-15/e35/39493985_1120883754743348_257654976417890304_n.jpg?_nc_eui2=AeFjB1_Pbvw1rTme4hrUI-hY4Itjf50FkHQ7o1kDunOuc2N3nyZlmmygjGfLME-ox4NbRf9sVEf9D39WB8SHUpyd',
 'id': '1855365159531359338',
 'likes': 74,
 'loc_id': '784658348219951',
 'loc_lat': 40.98739,
 'loc_long': 29.0271,
 'loc_name': 'Golden Arrow Tattoo & Piercing',
 'owner_id': '242729449',
 'owner_name': 'burakunaltattoo',
 'scraped_timestamp': '2018-08-27 15:26:53:26S',
 'shortcode': 'Bm_lMhOgKxq',
 'taken_at_timestamp': 1535396784}
2018-08-27 15:26:53 [scrapy.core.scraper] DEBUG: Scraped from <200 https://www.instagram.com/explore/locations/44961364/?__a=1>
{'caption': 'Luna ⋅\n'
            '☞ Kimmie ⋅\n'
            '⋅\n'
            '⋅\n'
            '⋅\n'
            '⋅\n'
            '⋅\n'
            '#crescent #moon #mklx #geometry #geometrictattoo #geometric '
            '#lineworktattoo #bngsociety #lines #flowertattoo #QTTR #tattoo '
            '#tattoos #tattrx #ink #inked #illustration #illustrator '
            '#spektraxion #fkirons #blxckink #blackandgrey #blackworkers '
            '#blackandgreytattoo #bnginksociety #blackworkerssubmission '
            '#sanfrancisco #bayarea #bayareatattoo #sanfranciscotattoo',
 'display_url': 'https://instagram.fphl1-1.fna.fbcdn.net/vp/1fc5d9bb58b84c1d0d01d71bc943c41c/5C200DD4/t51.2885-15/e35/39248377_508327076294621_5267574515763773440_n.jpg?_nc_eui2=AeEUEVAnMiaNQUv4mkd7Q6qkPuiD6zkl8ELdKQkjuHWZiNWBMLwz1ka7RdqHzOyCo2famSnjaktIqA5REO61UWix',
 'id': '1855365192960390873',
 'likes': 67,
 'loc_id': '44961364',
 'loc_lat': 37.7793,
 'loc_long': -122.419,
 'loc_name': 'San Francisco, California',
 'owner_id': '1639604924',
 'owner_name': 'mklx',
 'scraped_timestamp': '2018-08-27 15:26:53:26S',
 'shortcode': 'Bm_lNAXBzbZ',
 'taken_at_timestamp': 1535396788}
2018-08-27 15:26:53 [scrapy.core.engine] DEBUG: Crawled (200) <GET https://www.instagram.com/p/Bm_hElth93v/?__a=1> (referer: https://www.instagram.com/explore/tags/blackworkers/?__a=1&max_id=AQAvfJnAq5QjtNlTsrSqugFju304v9AvRX_vjWz3OnDxjQo8oeCFaGFKXGJ9lrnchh3XiPjP0S6vWqj2qXbx8VniGm7rONRxvDaUZ57RSjVbNA)
2018-08-27 15:26:53 [scrapy.core.scraper] DEBUG: Scraped from <200 https://www.instagram.com/explore/locations/213832057/?__a=1>
{'caption': 'Zapraszam do zapisów we wrześniu - jakubtramecourt@gmail.com  '
            '##blacktattooart #blacktattoo #blackworkerssubmission '
            '#blackworkers #tattooflash #flashworkers  #krakow #poland '
            '#tattooart #solidtattoos #classictattoos #onlyblacktattoos '
            '#formink  #blacktattooart #ignorantstyletattoo #ignorantstyle '
            '#TTTpublishing #occultarcana #boldsolidtattooflash #blxckink '
            '#polandtattoos',
 'display_url': 'https://instagram.fphl1-1.fna.fbcdn.net/vp/f14b6c3de66c407effb3f3c3af08c819/5C1F3EBE/t51.2885-15/e35/39813230_1718884111572387_6069493709345390592_n.jpg?_nc_eui2=AeHLA8Whk3mpgivcDOQkR-9uqz5ijmw16d5FR2n_XzzZvHYO2bVEdWIHQlTps87wYEcNEGxze7vYQev5ieEji-5F',
 'id': '1855365515109482031',
 'likes': 62,
 'loc_id': '213832057',
 'loc_lat': 50.0614,
 'loc_long': 19.9372,
 'loc_name': 'Kraków, Poland',
 'owner_id': '288731329',
 'owner_name': 'kubatramecourt',
 'scraped_timestamp': '2018-08-27 15:26:53:26S',
 'shortcode': 'Bm_lRsYnD4v',
 'taken_at_timestamp': 1535396826}
2018-08-27 15:26:53 [scrapy.core.scraper] DEBUG: Scraped from <200 https://www.instagram.com/p/Bmfvbi7B_bb/?__a=1>
{'caption': 'B R A Z A L E T E \n'
            '#autotattoo #celtic #viking #nordic\n'
            '\n'
            '#tattoo #dotwork #dotworktattoo #pointillism #pointillismtattoo  '
            '#tatuaje #blackwork #blackworkers #blackworktattoo #linework '
            '#lineworktattoo #barcelona #tattoobarcelona #tatuajebarcelona '
            '#tatuadorbarcelona #tatuadoresbarcelona #tatuadorabarcelona '
            '#tattoohospitalet #tatuajehospitalet #tattooartist',
 'display_url': 'https://instagram.fphl1-1.fna.fbcdn.net/vp/82749c7dc17f19369af13ca58093740e/5C2DE081/t51.2885-15/e35/39067236_463170750849052_5066889055006883840_n.jpg?_nc_eui2=AeH0Yv1QSiUsYaPavzMyOxruQRXCyM3dh1QwBs5FRiOskaSMFeApqe9I-h1UI34LGsl8hvtHafwnfQ5nV_iNVNOi',
 'id': '1846402973354686171',
 'likes': 48,
 'loc_id': None,
 'loc_lat': None,
 'loc_long': None,
 'loc_name': None,
 'owner_id': '5991562935',
 'owner_name': 'gwyllionart',
 'scraped_timestamp': '2018-08-27 15:26:53:26S',
 'shortcode': 'Bmfvbi7B_bb',
 'taken_at_timestamp': 1534328408}
2018-08-27 15:26:53 [scrapy.core.engine] DEBUG: Crawled (200) <GET https://www.instagram.com/p/Bm_ic-2AS3H/?__a=1> (referer: https://www.instagram.com/explore/tags/blackworkers/?__a=1&max_id=AQAvfJnAq5QjtNlTsrSqugFju304v9AvRX_vjWz3OnDxjQo8oeCFaGFKXGJ9lrnchh3XiPjP0S6vWqj2qXbx8VniGm7rONRxvDaUZ57RSjVbNA)
2018-08-27 15:26:53 [scrapy.core.engine] DEBUG: Crawled (200) <GET https://www.instagram.com/p/Bm_iiEeHv8f/?__a=1> (referer: https://www.instagram.com/explore/tags/blackworkers/?__a=1&max_id=AQAvfJnAq5QjtNlTsrSqugFju304v9AvRX_vjWz3OnDxjQo8oeCFaGFKXGJ9lrnchh3XiPjP0S6vWqj2qXbx8VniGm7rONRxvDaUZ57RSjVbNA)
2018-08-27 15:26:53 [scrapy.core.scraper] DEBUG: Scraped from <200 https://www.instagram.com/p/Bmfu5JfhBrF/?__a=1>
{'caption': 'B R A Z A L E T E\n'
            '#autotattoo #celtic #viking #nordic\n'
            '\n'
            '#tattoo #dotwork #dotworktattoo #pointillism #pointillismtattoo  '
            '#tatuaje #blackwork #blackworkers #blackworktattoo #linework '
            '#lineworktattoo #barcelona #tattoobarcelona #tatuajebarcelona '
            '#tatuadorbarcelona #tatuadoresbarcelona #tatuadorabarcelona '
            '#tattoohospitalet #tatuajehospitalet #tattooartist',
 'display_url': 'https://instagram.fphl1-1.fna.fbcdn.net/vp/b2dcaced8616ffa9df9b5e7a371b0b74/5B872A4E/t51.2885-15/e35/38427206_274480666474881_2764220954337869824_n.jpg?_nc_eui2=AeFxtCEL_tvC8EgP9E2i2a1mfxJPoyA2vt6G4QBgGhJINSRnXEFkuZIZixPdejSUz_SXkkXmI1gL7Qa3mVB6h_Kd',
 'id': '1846400609587305157',
 'likes': 53,
 'loc_id': None,
 'loc_lat': None,
 'loc_long': None,
 'loc_name': None,
 'owner_id': '5991562935',
 'owner_name': 'gwyllionart',
 'scraped_timestamp': '2018-08-27 15:26:53:26S',
 'shortcode': 'Bmfu5JfhBrF',
 'taken_at_timestamp': 1534328251}
2018-08-27 15:26:53 [scrapy.core.scraper] DEBUG: Scraped from <200 https://www.instagram.com/p/Bm_hElth93v/?__a=1>
{'caption': '@_paramaya_ 👁🖤✨ for more of my artwork 🙏🏻 AVAILABLE IN MY '
            'FACEBOOK SHOP OR VIA DM / EMAIL 👁 My logo printed in '
            'collaboration with @atelier_hors_serie 🙏🏻🖤✨ matrix done by '
            'amazing @anaisjumel_art 👁✨\n'
            'Hand printed in limited amount of 108 unique pieces on different '
            'papers printed with offset ink.\n'
            '\n'
            'Each piece comes with the stamp from Atelier and sign + '
            'dedication from me.\n'
            '\n'
            'Please check work of the team\n'
            '@cy_wilson_ 👁 @cy.wilson.art \n'
            '@anaisjumel_art 👁 @anais_jml \n'
            '@lena.toucour 👁 @originalskincrafts \n'
            '@helen_blumenfeld \n'
            '@capitaineplum \n'
            '#linocut #linocutprint \U0001f9de\u200d♀️ #hereandnow #withlove '
            '#ritualtattoo #sacredink #neotribal #traditionaltattoo '
            '#primitivetattoo #selfmadeneedles  #nomad #nomadictattooers  '
            '#ontheroad #tattoobyhand #handpoke #handpokedtattoo '
            '#blackworkers  #ttism #berlinhandpoke #berlintattoo '
            '#warsawhandpoke #indianink #minimalistictattoo  #onelove '
            '#paramaya',
 'display_url': 'https://instagram.fphl1-1.fna.fbcdn.net/vp/0ee42293743047416908297ebbca50c3/5C1C0767/t51.2885-15/e35/39275969_672443673141109_8531790011941519360_n.jpg?_nc_eui2=AeGqIifkUIEU55fPEGTSdSg8XpD6UvO1RGGLKNXH4tHlM3JVDWqY9sTO3BB0QvyhD0jYz6HaeCP0p_c5BdNtuwOo',
 'id': '1855347022405033455',
 'likes': 9,
 'loc_id': None,
 'loc_lat': None,
 'loc_long': None,
 'loc_name': None,
 'owner_id': '281588687',
 'owner_name': 'zwischen_traum_und_tag',
 'scraped_timestamp': '2018-08-27 15:26:53:26S',
 'shortcode': 'Bm_hElth93v',
 'taken_at_timestamp': 1535394622}
2018-08-27 15:26:53 [scrapy.core.engine] DEBUG: Crawled (200) <GET https://www.instagram.com/p/Bm_idspgrqm/?__a=1> (referer: https://www.instagram.com/explore/tags/blackworkers/?__a=1&max_id=AQAvfJnAq5QjtNlTsrSqugFju304v9AvRX_vjWz3OnDxjQo8oeCFaGFKXGJ9lrnchh3XiPjP0S6vWqj2qXbx8VniGm7rONRxvDaUZ57RSjVbNA)
2018-08-27 15:26:53 [scrapy.core.engine] DEBUG: Crawled (200) <GET https://www.instagram.com/p/Bm_iYtRlsxT/?__a=1> (referer: https://www.instagram.com/explore/tags/blackworkers/?__a=1&max_id=AQAvfJnAq5QjtNlTsrSqugFju304v9AvRX_vjWz3OnDxjQo8oeCFaGFKXGJ9lrnchh3XiPjP0S6vWqj2qXbx8VniGm7rONRxvDaUZ57RSjVbNA)
2018-08-27 15:26:53 [scrapy.core.engine] DEBUG: Crawled (200) <GET https://www.instagram.com/p/Bm_ikXhHjgD/?__a=1> (referer: https://www.instagram.com/explore/tags/blackworkers/?__a=1&max_id=AQAvfJnAq5QjtNlTsrSqugFju304v9AvRX_vjWz3OnDxjQo8oeCFaGFKXGJ9lrnchh3XiPjP0S6vWqj2qXbx8VniGm7rONRxvDaUZ57RSjVbNA)
2018-08-27 15:26:53 [scrapy.core.scraper] DEBUG: Scraped from <200 https://www.instagram.com/p/Bm_ic-2AS3H/?__a=1>
{'caption': 'Healed geometric lioness. 📌For appointments and consultations DM '
            'or Email nelson.mandalatattoo@yahoo.com \n'
            'My idea or yours',
 'display_url': 'https://instagram.fphl1-1.fna.fbcdn.net/vp/22bba1cd2bf0afd043b20a9cb2b386a2/5C310932/t51.2885-15/e35/40053241_1904951572906456_5697380706081600862_n.jpg?_nc_eui2=AeHLGvFQWpctnyofgL6Yt3WzG0L9TfEAu5YwH91_EO8i2QWB5byvwdUxfI3n-pP-57DRUGU-J1rg4HotF8JLjKIZ',
 'id': '1855353096704699847',
 'likes': 7,
 'loc_id': None,
 'loc_lat': None,
 'loc_long': None,
 'loc_name': None,
 'owner_id': '1389093653',
 'owner_name': 'nelson.mandalatattoo',
 'scraped_timestamp': '2018-08-27 15:26:53:26S',
 'shortcode': 'Bm_ic-2AS3H',
 'taken_at_timestamp': 1535395346}
2018-08-27 15:26:53 [scrapy.core.engine] DEBUG: Crawled (200) <GET https://www.instagram.com/p/Bm_ifdcn6D3/?__a=1> (referer: https://www.instagram.com/explore/tags/blackworkers/?__a=1&max_id=AQAvfJnAq5QjtNlTsrSqugFju304v9AvRX_vjWz3OnDxjQo8oeCFaGFKXGJ9lrnchh3XiPjP0S6vWqj2qXbx8VniGm7rONRxvDaUZ57RSjVbNA)
2018-08-27 15:26:53 [scrapy.core.scraper] DEBUG: Scraped from <200 https://www.instagram.com/p/Bm_iiEeHv8f/?__a=1>
{'caption': 'More Designs for my Blackwork Traditional Flash Book! 💀🖤 I have '
            'space Over the next month to tattoo so drop me a message or and '
            'email on kurtaddamstattoo@gmail.com to Book in for any of my '
            'flash or for your custom ideas! #tattoo #tattoos '
            '#tattooapprentice #tattooapprenticeship #tattooflash #tradworkers '
            '#traditional #traditionaltattoos #traditionaltattoo #flashworkers '
            '#tattoodesign #tattooideas #blackwork #blackworkers '
            '#blackworktattoo #blackworkflash #oldschool #oldschooltattoo '
            '#skull #skulltattoo #skulls #smalltattoos #uktattoo '
            '#berkshiretattoo #art #artist #tattooartist #moontattoo #fillers '
            '#boldwillhold',
 'display_url': 'https://instagram.fphl1-1.fna.fbcdn.net/vp/8d770bc34bcd4eb80e56d24344a38e0c/5C17F4FC/t51.2885-15/e35/39575452_2229953857241458_367303593109225472_n.jpg?_nc_eui2=AeE2Qxaap2j0PGB8ooTt5nW5WjRHFRGAGm7ibR7aYfx-gEHpC3hsQZzvuPPUkf-sfhPHdV2DE24albbyuEnxYCmk',
 'id': '1855353446343835423',
 'likes': 29,
 'loc_id': None,
 'loc_lat': None,
 'loc_long': None,
 'loc_name': None,
 'owner_id': '223482897',
 'owner_name': 'kurtaddams',
 'scraped_timestamp': '2018-08-27 15:26:53:26S',
 'shortcode': 'Bm_iiEeHv8f',
 'taken_at_timestamp': 1535395387}
2018-08-27 15:26:53 [scrapy.core.engine] DEBUG: Crawled (200) <GET https://www.instagram.com/p/Bm_ilkDFVNr/?__a=1> (referer: https://www.instagram.com/explore/tags/blackworkers/?__a=1&max_id=AQAvfJnAq5QjtNlTsrSqugFju304v9AvRX_vjWz3OnDxjQo8oeCFaGFKXGJ9lrnchh3XiPjP0S6vWqj2qXbx8VniGm7rONRxvDaUZ57RSjVbNA)
2018-08-27 15:26:53 [scrapy.core.engine] DEBUG: Crawled (200) <GET https://www.instagram.com/explore/tags/blackworkers/?__a=1&max_id=AQB1dPPxtoUk77heUgUl5bca8RWeFhgn6Rjs0oS7zpagkGuuhko-OfVDcSfvZp5DkaDiQGs9-JC2pXo96jbc-hLs2t_wA-AAIv5DjvaLLbqKWA> (referer: https://www.instagram.com/explore/tags/blackworkers/?__a=1&max_id=AQAvfJnAq5QjtNlTsrSqugFju304v9AvRX_vjWz3OnDxjQo8oeCFaGFKXGJ9lrnchh3XiPjP0S6vWqj2qXbx8VniGm7rONRxvDaUZ57RSjVbNA)
2018-08-27 15:26:53 [scrapy.core.engine] DEBUG: Crawled (200) <GET https://www.instagram.com/p/Bm_ikkGjD2r/?__a=1> (referer: https://www.instagram.com/explore/tags/blackworkers/?__a=1&max_id=AQAvfJnAq5QjtNlTsrSqugFju304v9AvRX_vjWz3OnDxjQo8oeCFaGFKXGJ9lrnchh3XiPjP0S6vWqj2qXbx8VniGm7rONRxvDaUZ57RSjVbNA)
2018-08-27 15:26:53 [scrapy.core.engine] DEBUG: Crawled (200) <GET https://www.instagram.com/p/Bm_inARHssp/?__a=1> (referer: https://www.instagram.com/explore/tags/blackworkers/?__a=1&max_id=AQAvfJnAq5QjtNlTsrSqugFju304v9AvRX_vjWz3OnDxjQo8oeCFaGFKXGJ9lrnchh3XiPjP0S6vWqj2qXbx8VniGm7rONRxvDaUZ57RSjVbNA)
2018-08-27 15:26:53 [scrapy.crawler] INFO: Received SIGINT, shutting down gracefully. Send again to force 
2018-08-27 15:26:53 [scrapy.core.engine] INFO: Closing spider (shutdown)
2018-08-27 15:26:53 [scrapy.core.engine] DEBUG: Crawled (200) <GET https://www.instagram.com/p/Bm_imptn0UP/?__a=1> (referer: https://www.instagram.com/explore/tags/blackworkers/?__a=1&max_id=AQAvfJnAq5QjtNlTsrSqugFju304v9AvRX_vjWz3OnDxjQo8oeCFaGFKXGJ9lrnchh3XiPjP0S6vWqj2qXbx8VniGm7rONRxvDaUZ57RSjVbNA)
2018-08-27 15:26:53 [scrapy.core.scraper] DEBUG: Scraped from <200 https://www.instagram.com/p/Bm_ilkDFVNr/?__a=1>
{'caption': 'Tattoo?\n'
            '#tattoo #tattoos #traditionaltattoos #traditional #neotraditional '
            '#neotraditionaltattoos  #blacktattoos #blackwork #blackworkers '
            '#blackink  #tattooart  #tattooist #glasgowtattooshop  #lotus '
            '#lotustattoo #mandalatattoo #baphomet #baphomettattoo',
 'display_url': 'https://instagram.fphl1-1.fna.fbcdn.net/vp/47ad1193c2d0c919f0aa80cd3d52d624/5C02B9E4/t51.2885-15/e35/39215285_510008929463424_8037722503495286784_n.jpg?_nc_eui2=AeF-zuahFHZYFvL9iFnIDh534cv10KSyUCGeoLLKQIXL-umQ45MpLIlmqpKT0u3Zf0L1_raIYZ62G2KevNcynvqm',
 'id': '1855353686408385387',
 'likes': 23,
 'loc_id': None,
 'loc_lat': None,
 'loc_long': None,
 'loc_name': None,
 'owner_id': '1911815696',
 'owner_name': 'ross__grant',
 'scraped_timestamp': '2018-08-27 15:26:53:26S',
 'shortcode': 'Bm_ilkDFVNr',
 'taken_at_timestamp': 1535395416}
2018-08-27 15:26:53 [scrapy.core.engine] DEBUG: Crawled (429) <GET https://www.instagram.com/explore/locations/216432874/?__a=1> (referer: https://www.instagram.com/p/Bl7rjSiBXAE/?__a=1)
2018-08-27 15:26:53 [scrapy.core.engine] DEBUG: Crawled (200) <GET https://www.instagram.com/p/Bm_iqycHZZ4/?__a=1> (referer: https://www.instagram.com/explore/tags/blackworkers/?__a=1&max_id=AQAvfJnAq5QjtNlTsrSqugFju304v9AvRX_vjWz3OnDxjQo8oeCFaGFKXGJ9lrnchh3XiPjP0S6vWqj2qXbx8VniGm7rONRxvDaUZ57RSjVbNA)
2018-08-27 15:26:53 [scrapy.core.engine] DEBUG: Crawled (200) <GET https://www.instagram.com/p/Bm_iqHhnZh3/?__a=1> (referer: https://www.instagram.com/explore/tags/blackworkers/?__a=1&max_id=AQAvfJnAq5QjtNlTsrSqugFju304v9AvRX_vjWz3OnDxjQo8oeCFaGFKXGJ9lrnchh3XiPjP0S6vWqj2qXbx8VniGm7rONRxvDaUZ57RSjVbNA)
2018-08-27 15:26:53 [scrapy.core.engine] DEBUG: Crawled (200) <GET https://www.instagram.com/p/Bm_ijvNF1sX/?__a=1> (referer: https://www.instagram.com/explore/tags/blackworkers/?__a=1&max_id=AQAvfJnAq5QjtNlTsrSqugFju304v9AvRX_vjWz3OnDxjQo8oeCFaGFKXGJ9lrnchh3XiPjP0S6vWqj2qXbx8VniGm7rONRxvDaUZ57RSjVbNA)
2018-08-27 15:26:53 [scrapy.core.engine] DEBUG: Crawled (200) <GET https://www.instagram.com/p/Bm_it7mhVZS/?__a=1> (referer: https://www.instagram.com/explore/tags/blackworkers/?__a=1&max_id=AQAvfJnAq5QjtNlTsrSqugFju304v9AvRX_vjWz3OnDxjQo8oeCFaGFKXGJ9lrnchh3XiPjP0S6vWqj2qXbx8VniGm7rONRxvDaUZ57RSjVbNA)
2018-08-27 15:26:53 [scrapy.core.scraper] DEBUG: Scraped from <200 https://www.instagram.com/p/Bm_ikkGjD2r/?__a=1>
{'caption': 'LONDON 15-20 NOVEMBER AT  @femmefataletattoo 🌐🚈👌\n'
            '.\n'
            '.\n'
            'For Appointments confeeretattoo@gmail.com',
 'display_url': 'https://instagram.fphl1-1.fna.fbcdn.net/vp/0861000106568653dff41372e868165c/5C31DD86/t51.2885-15/e35/39637550_409202526275985_8075972180858372096_n.jpg?_nc_eui2=AeHIOg5qacA6yeQLX3uahALL0CnZnnNfXU4eQa6hKQXGsNHgelXV8H84R_QC-Cwz5JRiA3a0yio6ZlhuaqxDd8uP',
 'id': '1855353617747033515',
 'likes': 73,
 'loc_id': None,
 'loc_lat': None,
 'loc_long': None,
 'loc_name': None,
 'owner_id': '599524999',
 'owner_name': 'confeere',
 'scraped_timestamp': '2018-08-27 15:26:53:26S',
 'shortcode': 'Bm_ikkGjD2r',
 'taken_at_timestamp': 1535395408}
2018-08-27 15:26:53 [scrapy.core.scraper] DEBUG: Scraped from <200 https://www.instagram.com/p/Bm_inARHssp/?__a=1>
{'caption': 'Lily for Aislinn from @iamcharlottelee  #blxckink #blackwork '
            '#blackworktattoo #blackworkers #dotwork #dotworktattoo '
            '#geometricart #ink #instatattoo #instaart #ladytattooers '
            '#iblackwork #line #darkartists #tattoo #tattooartist #tattoos '
            '#tattooed #blacktattoo #btattooing #vgnink '
            '#blackworkerssubmission #botanicaltattoo #flowers #flowertattoo '
            '#lily',
 'display_url': 'https://instagram.fphl1-1.fna.fbcdn.net/vp/17c644281f7ab5abdf5da928bfe58d83/5C1891E5/t51.2885-15/e35/39531984_1829198437175587_4434856360810643456_n.jpg?_nc_eui2=AeH2Em1IJYyI6WskXeSTmMERjsL-XRZU2HAwQDYepffFU2Lzu4Wlg-ne8Uqi12FFcLbQmfyJqBGbf-9N5HDbyRAN',
 'id': '1855353785428134697',
 'likes': 40,
 'loc_id': None,
 'loc_lat': None,
 'loc_long': None,
 'loc_name': None,
 'owner_id': '312082992',
 'owner_name': 'skullduggery_tatu',
 'scraped_timestamp': '2018-08-27 15:26:53:26S',
 'shortcode': 'Bm_inARHssp',
 'taken_at_timestamp': 1535395428}
2018-08-27 15:26:53 [scrapy.core.engine] DEBUG: Crawled (200) <GET https://www.instagram.com/p/Bm_ix_TBEYZ/?__a=1> (referer: https://www.instagram.com/explore/tags/blackworkers/?__a=1&max_id=AQAvfJnAq5QjtNlTsrSqugFju304v9AvRX_vjWz3OnDxjQo8oeCFaGFKXGJ9lrnchh3XiPjP0S6vWqj2qXbx8VniGm7rONRxvDaUZ57RSjVbNA)
2018-08-27 15:26:53 [scrapy.core.engine] DEBUG: Crawled (200) <GET https://www.instagram.com/p/Bm_i8HLAjwg/?__a=1> (referer: https://www.instagram.com/explore/tags/blackworkers/?__a=1&max_id=AQAvfJnAq5QjtNlTsrSqugFju304v9AvRX_vjWz3OnDxjQo8oeCFaGFKXGJ9lrnchh3XiPjP0S6vWqj2qXbx8VniGm7rONRxvDaUZ57RSjVbNA)
2018-08-27 15:26:53 [scrapy.core.scraper] DEBUG: Scraped from <200 https://www.instagram.com/p/Bm_imptn0UP/?__a=1>
{'caption': 'So much fun today with this little lady who always sits so '
            'well.... thanks for travelling so far :)',
 'display_url': 'https://instagram.fphl1-1.fna.fbcdn.net/vp/68d4987375af4b6f93baa05d9ef619d6/5BFD318A/t51.2885-15/e35/39851003_1751883068267670_5706646415153633272_n.jpg?_nc_eui2=AeFk3AlC8RSMisb9AHLNppam00rh_qBO2kJjJwxPW6CF2m6HLtBkklOxbTyw5pPZQw-kl1lqVqXApe2fnU-X3Gsq',
 'id': '1855353761210254607',
 'likes': 82,
 'loc_id': None,
 'loc_lat': None,
 'loc_long': None,
 'loc_name': None,
 'owner_id': '182634433',
 'owner_name': 'natashapapadakos',
 'scraped_timestamp': '2018-08-27 15:26:53:26S',
 'shortcode': 'Bm_imptn0UP',
 'taken_at_timestamp': 1535395425}
2018-08-27 15:26:53 [scrapy.spidermiddlewares.httperror] INFO: Ignoring response <429 https://www.instagram.com/explore/locations/216432874/?__a=1>: HTTP status code is not handled or not allowed
2018-08-27 15:26:53 [scrapy.core.scraper] DEBUG: Scraped from <200 https://www.instagram.com/p/Bm_iqycHZZ4/?__a=1>
{'caption': 'Wee one from last week!  #tattoo #tattoos #tattooing '
            '#tattooartist #traditionaltattoo #girlswithtattoos '
            '#guyswithtattoos #piercing #blackwork #blackworkers #uktta '
            '#glasgow #glasgowtattoo #glasgowtattooartist #glasgowart '
            '#glasgowartist #glasgowcity #glasgowliving #art #artist #artnerd '
            '#artcollective #artoftheday',
 'display_url': 'https://instagram.fphl1-1.fna.fbcdn.net/vp/03c57035bede08c9d8cd0eba533fd8e5/5C16C988/t51.2885-15/e35/39184730_295822481213676_5889393206506709137_n.jpg?_nc_eui2=AeH--MQ469Mladoql83GwGzghPwj-IeqbSTnlxnMOJRCjHsMyYpQ1RcetBKq3tF86O9mXk3S-XhoJzhJRcEDizMj',
 'id': '1855354045458126456',
 'likes': 29,
 'loc_id': None,
 'loc_lat': None,
 'loc_long': None,
 'loc_name': None,
 'owner_id': '950149433',
 'owner_name': 'rebelleq',
 'scraped_timestamp': '2018-08-27 15:26:53:26S',
 'shortcode': 'Bm_iqycHZZ4',
 'taken_at_timestamp': 1535395459}
2018-08-27 15:26:53 [scrapy.core.scraper] DEBUG: Scraped from <200 https://www.instagram.com/p/Bm_ijvNF1sX/?__a=1>
{'caption': '-Ingölflinger am Lagerfeuer-\n'
            '\n'
            'For appointments 👉 DM or\xa0 eileenklann@hotmail.de\n'
            '\n'
            '#tattoo #traditional #traditionaltattoo #blackwork '
            '#blackworktattoo #appointment #savethedate #linework #shade '
            '#nocolor #nocolour\xa0 #contemporarytattooing\xa0 '
            '#contemporary\xa0 #ellaeytattoo #tätowierung #tattookunst '
            '#tattookünstler #körperkunst #blackworkerssubmission #lovettt '
            '#ttt #tatouage #blackworkers',
 'display_url': 'https://instagram.fphl1-1.fna.fbcdn.net/vp/78347b95d1cb0b179e526789eaf01240/5C2028E1/t51.2885-15/e35/39049044_590702454681420_6686234258383568896_n.jpg?_nc_eui2=AeHyJZqBFEdLeJS6dWkKCgHh6xMR1MIHlHtIPxzcup64_9jUwmlmzL14QlYk1H3gBYupoif6DCapQWc7tKHC5aQN',
 'id': '1855353560948497175',
 'likes': 15,
 'loc_id': None,
 'loc_lat': None,
 'loc_long': None,
 'loc_name': None,
 'owner_id': '480339134',
 'owner_name': 'machinegunellaey',
 'scraped_timestamp': '2018-08-27 15:26:53:26S',
 'shortcode': 'Bm_ijvNF1sX',
 'taken_at_timestamp': 1535395401}
2018-08-27 15:26:53 [scrapy.crawler] INFO: Received SIGINT twice, forcing unclean shutdown
